<?xml version="1.0" encoding="UTF-8"?>
<TestRun id="df8a1fe3-da34-4dfb-b44e-531f4cbbcefb" name="alumnos@C35-04 2012-04-17 18:16:23" runUser="C35-04\alumnos" xmlns="http://microsoft.com/schemas/VisualStudio/TeamTest/2010">
  <TestSettings name="Local" id="d7146e08-8266-4b9b-aa43-bf7a65afa95e">
    <Description>These are default test settings for a local test run.</Description>
    <Deployment enabled="false" runDeploymentRoot="alumnos_C35-04 2012-04-17 18_16_23">
      <DeploymentItem filename="C:\Users\alumnos\Documents\sandbox\SISPPAFUT\Construcción\UPC.Proyecto.SISPPAFUT\UPC.Proyecto.SISPPAFUT.DL.DALC\bin\Debug\UPC.Proyecto.SISPPAFUT.DL.DALC.dll" />
      <DeploymentItem filename="C:\Users\alumnos\Documents\sandbox\SISPPAFUT\Construcción\UPC.Proyecto.SISPPAFUT\UPC.Proyecto.SISPPAFUT.BL.BE\bin\Debug\UPC.Proyecto.SISPPAFUT.BL.BE.dll" />
      <DeploymentItem filename="C:\Users\alumnos\Documents\sandbox\SISPPAFUT\Construcción\UPC.Proyecto.SISPPAFUT\UPC.Proyecto.SISPPAFUT.BL.BC\bin\Debug\UPC.Proyecto.SISPPAFUT.BL.BC.dll" />
    </Deployment>
    <Execution>
      <TestTypeSpecific />
      <AgentRule name="Execution Agents">
      </AgentRule>
    </Execution>
  </TestSettings>
  <Times creation="2012-04-17T18:16:23.4279037-05:00" queuing="2012-04-17T18:16:23.4369046-05:00" start="2012-04-17T18:16:23.4429052-05:00" finish="2012-04-17T18:16:23.6629272-05:00" />
  <ResultSummary outcome="Completed">
    <Counters total="1" executed="1" passed="1" error="0" failed="0" timeout="0" aborted="0" inconclusive="0" passedButRunAborted="0" notRunnable="0" notExecuted="0" disconnected="0" warning="0" completed="0" inProgress="0" pending="0" />
  </ResultSummary>
  <TestDefinitions>
    <UnitTest name="listarEstadiosDeEquipoTest" storage="c:\users\alumnos\documents\sandbox\sisppafut\construcción\upc.proyecto.sisppafut\unittests\bin\debug\unittests.dll" id="10e38597-ba7b-d590-49db-1fff7ac4fc8d">
      <Execution id="18efbc55-59ab-4133-9ae4-618180eeb4c9" />
      <TestMethod codeBase="C:/Users/alumnos/Documents/sandbox/SISPPAFUT/Construcción/UPC.Proyecto.SISPPAFUT/UnitTests/bin/Debug/UnitTests.DLL" adapterTypeName="Microsoft.VisualStudio.TestTools.TestTypes.Unit.UnitTestAdapter, Microsoft.VisualStudio.QualityTools.Tips.UnitTest.Adapter, Version=10.0.0.0, Culture=neutral, PublicKeyToken=b03f5f7f11d50a3a" className="UnitTests.EstadioBCTest, UnitTests, Version=1.0.0.0, Culture=neutral, PublicKeyToken=null" name="listarEstadiosDeEquipoTest" />
    </UnitTest>
  </TestDefinitions>
  <TestLists>
    <TestList name="Results Not in a List" id="8c84fa94-04c1-424b-9868-57a2d4851a1d" />
    <TestList name="All Loaded Results" id="19431567-8539-422a-85d7-44ee4e166bda" />
  </TestLists>
  <TestEntries>
    <TestEntry testId="10e38597-ba7b-d590-49db-1fff7ac4fc8d" executionId="18efbc55-59ab-4133-9ae4-618180eeb4c9" testListId="8c84fa94-04c1-424b-9868-57a2d4851a1d" />
  </TestEntries>
  <Results>
    <UnitTestResult executionId="18efbc55-59ab-4133-9ae4-618180eeb4c9" testId="10e38597-ba7b-d590-49db-1fff7ac4fc8d" testName="listarEstadiosDeEquipoTest" computerName="C35-04" duration="00:00:00.0268418" startTime="2012-04-17T18:16:23.4459055-05:00" endTime="2012-04-17T18:16:23.6519261-05:00" testType="13cdc9d9-ddb5-4fa4-a97d-d965ccfc6d4b" outcome="Passed" testListId="8c84fa94-04c1-424b-9868-57a2d4851a1d" relativeResultsDirectory="18efbc55-59ab-4133-9ae4-618180eeb4c9">
    </UnitTestResult>
  </Results>
</TestRun>