<?xml version="1.0" encoding="UTF-8"?>
<TestRun id="e623fa31-314e-4747-a407-449bebf3fb68" name="alumnos@C35-04 2012-05-28 18:33:08" runUser="C35-04\alumnos" xmlns="http://microsoft.com/schemas/VisualStudio/TeamTest/2010">
  <TestSettings name="Local" id="d7146e08-8266-4b9b-aa43-bf7a65afa95e">
    <Description>These are default test settings for a local test run.</Description>
    <Deployment enabled="false" runDeploymentRoot="alumnos_C35-04 2012-05-28 18_33_08">
      <DeploymentItem filename="C:\Users\alumnos\Documents\sandbox\SISPPAFUT\Construcción\UPC.Proyecto.SISPPAFUT\UPC.Proyecto.SISPPAFUT.DL.DALC\bin\Debug\UPC.Proyecto.SISPPAFUT.DL.DALC.dll" />
      <DeploymentItem filename="C:\Users\alumnos\Documents\sandbox\SISPPAFUT\Construcción\UPC.Proyecto.SISPPAFUT\UPC.Proyecto.SISPPAFUT.BL.BE\bin\Debug\UPC.Proyecto.SISPPAFUT.BL.BE.dll" />
      <DeploymentItem filename="C:\Users\alumnos\Documents\sandbox\SISPPAFUT\Construcción\UPC.Proyecto.SISPPAFUT\UPC.Proyecto.SISPPAFUT.BL.BC\bin\Debug\UPC.Proyecto.SISPPAFUT.BL.BC.dll" />
    </Deployment>
    <Execution>
      <TestTypeSpecific />
      <AgentRule name="Execution Agents">
      </AgentRule>
    </Execution>
  </TestSettings>
  <Times creation="2012-05-28T18:33:08.1926502-05:00" queuing="2012-05-28T18:33:08.2026512-05:00" start="2012-05-28T18:33:08.2076517-05:00" finish="2012-05-28T18:33:08.4406750-05:00" />
  <ResultSummary outcome="Completed">
    <Counters total="1" executed="1" passed="1" error="0" failed="0" timeout="0" aborted="0" inconclusive="0" passedButRunAborted="0" notRunnable="0" notExecuted="0" disconnected="0" warning="0" completed="0" inProgress="0" pending="0" />
  </ResultSummary>
  <TestDefinitions>
    <UnitTest name="crear_SuspensionTest" storage="c:\users\alumnos\documents\sandbox\sisppafut\construcción\upc.proyecto.sisppafut\unittests\bin\debug\unittests.dll" id="fbba67c9-a6e4-1ec7-f2f4-8d8426dba954">
      <Execution id="2dd19335-74ca-4fe4-9f26-f434910aa16d" />
      <TestMethod codeBase="C:/Users/alumnos/Documents/sandbox/SISPPAFUT/Construcción/UPC.Proyecto.SISPPAFUT/UnitTests/bin/Debug/UnitTests.DLL" adapterTypeName="Microsoft.VisualStudio.TestTools.TestTypes.Unit.UnitTestAdapter, Microsoft.VisualStudio.QualityTools.Tips.UnitTest.Adapter, Version=10.0.0.0, Culture=neutral, PublicKeyToken=b03f5f7f11d50a3a" className="UnitTests.SuspensionBCTest, UnitTests, Version=1.0.0.0, Culture=neutral, PublicKeyToken=null" name="crear_SuspensionTest" />
    </UnitTest>
  </TestDefinitions>
  <TestLists>
    <TestList name="Results Not in a List" id="8c84fa94-04c1-424b-9868-57a2d4851a1d" />
    <TestList name="All Loaded Results" id="19431567-8539-422a-85d7-44ee4e166bda" />
  </TestLists>
  <TestEntries>
    <TestEntry testId="fbba67c9-a6e4-1ec7-f2f4-8d8426dba954" executionId="2dd19335-74ca-4fe4-9f26-f434910aa16d" testListId="8c84fa94-04c1-424b-9868-57a2d4851a1d" />
  </TestEntries>
  <Results>
    <UnitTestResult executionId="2dd19335-74ca-4fe4-9f26-f434910aa16d" testId="fbba67c9-a6e4-1ec7-f2f4-8d8426dba954" testName="crear_SuspensionTest" computerName="C35-04" duration="00:00:00.0268322" startTime="2012-05-28T18:33:08.2096519-05:00" endTime="2012-05-28T18:33:08.4296739-05:00" testType="13cdc9d9-ddb5-4fa4-a97d-d965ccfc6d4b" outcome="Passed" testListId="8c84fa94-04c1-424b-9868-57a2d4851a1d" relativeResultsDirectory="2dd19335-74ca-4fe4-9f26-f434910aa16d">
    </UnitTestResult>
  </Results>
</TestRun>