<?xml version="1.0" encoding="UTF-8"?>
<TestRun id="972900c7-8f9f-4c6b-a564-75e7cb17ad2b" name="alumnos@C35-04 2012-04-23 17:47:54" runUser="C35-04\alumnos" xmlns="http://microsoft.com/schemas/VisualStudio/TeamTest/2010">
  <TestSettings name="Local" id="d7146e08-8266-4b9b-aa43-bf7a65afa95e">
    <Description>These are default test settings for a local test run.</Description>
    <Deployment enabled="false" runDeploymentRoot="alumnos_C35-04 2012-04-23 17_47_54">
      <DeploymentItem filename="C:\Users\alumnos\Documents\sandbox\SISPPAFUT\Construcción\UPC.Proyecto.SISPPAFUT\UPC.Proyecto.SISPPAFUT.DL.DALC\bin\Debug\UPC.Proyecto.SISPPAFUT.DL.DALC.dll" />
      <DeploymentItem filename="C:\Users\alumnos\Documents\sandbox\SISPPAFUT\Construcción\UPC.Proyecto.SISPPAFUT\UPC.Proyecto.SISPPAFUT.BL.BE\bin\Debug\UPC.Proyecto.SISPPAFUT.BL.BE.dll" />
      <DeploymentItem filename="C:\Users\alumnos\Documents\sandbox\SISPPAFUT\Construcción\UPC.Proyecto.SISPPAFUT\UPC.Proyecto.SISPPAFUT.BL.BC\bin\Debug\UPC.Proyecto.SISPPAFUT.BL.BC.dll" />
    </Deployment>
    <Execution>
      <TestTypeSpecific />
      <AgentRule name="Execution Agents">
      </AgentRule>
    </Execution>
  </TestSettings>
  <Times creation="2012-04-23T17:47:54.2581215-05:00" queuing="2012-04-23T17:47:54.3841593-05:00" start="2012-04-23T17:47:54.4131680-05:00" finish="2012-04-23T17:47:56.3477482-05:00" />
  <ResultSummary outcome="Completed">
    <Counters total="1" executed="1" passed="1" error="0" failed="0" timeout="0" aborted="0" inconclusive="0" passedButRunAborted="0" notRunnable="0" notExecuted="0" disconnected="0" warning="0" completed="0" inProgress="0" pending="0" />
  </ResultSummary>
  <TestDefinitions>
    <UnitTest name="listarEquiposTest" storage="c:\users\alumnos\documents\sandbox\sisppafut\construcción\upc.proyecto.sisppafut\unittests\bin\debug\unittests.dll" id="0cacd7f5-8c39-bdb4-469e-325b38a00d08">
      <Execution id="776928ff-7af6-48d4-bd8a-750b2abbcd2f" />
      <TestMethod codeBase="C:/Users/alumnos/Documents/sandbox/SISPPAFUT/Construcción/UPC.Proyecto.SISPPAFUT/UnitTests/bin/Debug/UnitTests.DLL" adapterTypeName="Microsoft.VisualStudio.TestTools.TestTypes.Unit.UnitTestAdapter, Microsoft.VisualStudio.QualityTools.Tips.UnitTest.Adapter, Version=10.0.0.0, Culture=neutral, PublicKeyToken=b03f5f7f11d50a3a" className="UnitTests.EquipoBCTest, UnitTests, Version=1.0.0.0, Culture=neutral, PublicKeyToken=null" name="listarEquiposTest" />
    </UnitTest>
  </TestDefinitions>
  <TestLists>
    <TestList name="Results Not in a List" id="8c84fa94-04c1-424b-9868-57a2d4851a1d" />
    <TestList name="All Loaded Results" id="19431567-8539-422a-85d7-44ee4e166bda" />
  </TestLists>
  <TestEntries>
    <TestEntry testId="0cacd7f5-8c39-bdb4-469e-325b38a00d08" executionId="776928ff-7af6-48d4-bd8a-750b2abbcd2f" testListId="8c84fa94-04c1-424b-9868-57a2d4851a1d" />
  </TestEntries>
  <Results>
    <UnitTestResult executionId="776928ff-7af6-48d4-bd8a-750b2abbcd2f" testId="0cacd7f5-8c39-bdb4-469e-325b38a00d08" testName="listarEquiposTest" computerName="C35-04" duration="00:00:00.1132911" startTime="2012-04-23T17:47:54.4231710-05:00" endTime="2012-04-23T17:47:54.8242913-05:00" testType="13cdc9d9-ddb5-4fa4-a97d-d965ccfc6d4b" outcome="Passed" testListId="8c84fa94-04c1-424b-9868-57a2d4851a1d" relativeResultsDirectory="776928ff-7af6-48d4-bd8a-750b2abbcd2f">
    </UnitTestResult>
  </Results>
</TestRun>