<?xml version="1.0" encoding="UTF-8"?>
<TestRun id="4447f86d-348b-4f72-98a3-555db520dafd" name="operador@D49-014 2012-09-05 17:43:04" runUser="D49-014\operador" xmlns="http://microsoft.com/schemas/VisualStudio/TeamTest/2010">
  <TestSettings name="Local" id="d7146e08-8266-4b9b-aa43-bf7a65afa95e">
    <Description>These are default test settings for a local test run.</Description>
    <Deployment enabled="false" runDeploymentRoot="operador_D49-014 2012-09-05 17_43_04">
      <DeploymentItem filename="C:\Users\operador\Desktop\TDP1\Construcción\UPC.Proyecto.SISPPAFUT\UPC.Proyecto.SISPPAFUT.BL.BC\bin\Debug\UPC.Proyecto.SISPPAFUT.BL.BC.dll" />
      <DeploymentItem filename="C:\Users\operador\Desktop\TDP1\Construcción\UPC.Proyecto.SISPPAFUT\UPC.Proyecto.SISPPAFUT.DL.DALC\bin\Debug\UPC.Proyecto.SISPPAFUT.DL.DALC.dll" />
      <DeploymentItem filename="C:\Users\operador\Desktop\TDP1\Construcción\UPC.Proyecto.SISPPAFUT\UPC.Proyecto.SISPPAFUT.BL.BE\bin\Debug\UPC.Proyecto.SISPPAFUT.BL.BE.dll" />
    </Deployment>
    <Execution>
      <TestTypeSpecific />
      <AgentRule name="Execution Agents">
      </AgentRule>
    </Execution>
  </TestSettings>
  <Times creation="2012-09-05T17:43:04.4412366-05:00" queuing="2012-09-05T17:43:04.4812366-05:00" start="2012-09-05T17:43:04.4852366-05:00" finish="2012-09-05T17:43:04.7142366-05:00" />
  <ResultSummary outcome="Completed">
    <Counters total="1" executed="1" passed="1" error="0" failed="0" timeout="0" aborted="0" inconclusive="0" passedButRunAborted="0" notRunnable="0" notExecuted="0" disconnected="0" warning="0" completed="0" inProgress="0" pending="0" />
  </ResultSummary>
  <TestDefinitions>
    <UnitTest name="actualizar_ResultadoTest" storage="c:\users\operador\desktop\tdp1\construcción\upc.proyecto.sisppafut\unittests\bin\debug\unittests.dll" id="7f35478f-72dd-63a4-1e8d-71a1b122271f">
      <Execution id="65a32847-4d7d-4c7e-96bd-677406557bca" />
      <TestMethod codeBase="C:/Users/operador/Desktop/TDP1/Construcción/UPC.Proyecto.SISPPAFUT/UnitTests/bin/Debug/UnitTests.DLL" adapterTypeName="Microsoft.VisualStudio.TestTools.TestTypes.Unit.UnitTestAdapter, Microsoft.VisualStudio.QualityTools.Tips.UnitTest.Adapter, Version=10.0.0.0, Culture=neutral, PublicKeyToken=b03f5f7f11d50a3a" className="UnitTests.PartidoBCTest, UnitTests, Version=1.0.0.0, Culture=neutral, PublicKeyToken=null" name="actualizar_ResultadoTest" />
    </UnitTest>
  </TestDefinitions>
  <TestLists>
    <TestList name="Results Not in a List" id="8c84fa94-04c1-424b-9868-57a2d4851a1d" />
    <TestList name="All Loaded Results" id="19431567-8539-422a-85d7-44ee4e166bda" />
  </TestLists>
  <TestEntries>
    <TestEntry testId="7f35478f-72dd-63a4-1e8d-71a1b122271f" executionId="65a32847-4d7d-4c7e-96bd-677406557bca" testListId="8c84fa94-04c1-424b-9868-57a2d4851a1d" />
  </TestEntries>
  <Results>
    <UnitTestResult executionId="65a32847-4d7d-4c7e-96bd-677406557bca" testId="7f35478f-72dd-63a4-1e8d-71a1b122271f" testName="actualizar_ResultadoTest" computerName="D49-014" duration="00:00:00.0321622" startTime="2012-09-05T17:43:04.4872366-05:00" endTime="2012-09-05T17:43:04.7022366-05:00" testType="13cdc9d9-ddb5-4fa4-a97d-d965ccfc6d4b" outcome="Passed" testListId="8c84fa94-04c1-424b-9868-57a2d4851a1d" relativeResultsDirectory="65a32847-4d7d-4c7e-96bd-677406557bca">
    </UnitTestResult>
  </Results>
</TestRun>