<?xml version="1.0" encoding="UTF-8"?>
<TestRun id="61ca8159-92f6-47a9-bb53-5aa8bc775ae6" name="proyecto@D49-015 2012-09-26 18:52:58" runUser="D49-015\proyecto" xmlns="http://microsoft.com/schemas/VisualStudio/TeamTest/2010">
  <TestSettings name="Local" id="d7146e08-8266-4b9b-aa43-bf7a65afa95e">
    <Description>These are default test settings for a local test run.</Description>
    <Deployment enabled="false" runDeploymentRoot="proyecto_D49-015 2012-09-26 18_52_58">
      <DeploymentItem filename="C:\Users\proyecto\Downloads\sandbox\SISPPAFUT\Construcción\UPC.Proyecto.SISPPAFUT\UPC.Proyecto.SISPPAFUT.DL.DALC\bin\Debug\UPC.Proyecto.SISPPAFUT.DL.DALC.dll" />
      <DeploymentItem filename="C:\Users\proyecto\Downloads\sandbox\SISPPAFUT\Construcción\UPC.Proyecto.SISPPAFUT\UPC.Seguridad.BL.BE\bin\Debug\UPC.Seguridad.BL.BE.dll" />
      <DeploymentItem filename="C:\Users\proyecto\Downloads\sandbox\SISPPAFUT\Construcción\UPC.Proyecto.SISPPAFUT\UPC.Seguridad.DL.DALC\bin\Debug\UPC.Seguridad.DL.DALC.dll" />
      <DeploymentItem filename="C:\Users\proyecto\Downloads\sandbox\SISPPAFUT\Construcción\UPC.Proyecto.SISPPAFUT\UPC.Proyecto.SISPPAFUT.BL.BC\bin\Debug\UPC.Proyecto.SISPPAFUT.BL.BC.dll" />
      <DeploymentItem filename="C:\Users\proyecto\Downloads\sandbox\SISPPAFUT\Construcción\UPC.Proyecto.SISPPAFUT\UPC.Proyecto.SISPPAFUT.BL.BE\bin\Debug\UPC.Proyecto.SISPPAFUT.BL.BE.dll" />
      <DeploymentItem filename="C:\Users\proyecto\Downloads\sandbox\SISPPAFUT\Construcción\UPC.Proyecto.SISPPAFUT\UPC.Seguridad.BL.BC\bin\Debug\UPC.Seguridad.BL.BC.dll" />
    </Deployment>
    <Execution>
      <TestTypeSpecific />
      <AgentRule name="Execution Agents">
      </AgentRule>
    </Execution>
  </TestSettings>
  <Times creation="2012-09-26T18:52:58.9943390-05:00" queuing="2012-09-26T18:53:00.1593390-05:00" start="2012-09-26T18:53:00.1693390-05:00" finish="2012-09-26T18:53:00.4273390-05:00" />
  <ResultSummary outcome="Completed">
    <Counters total="1" executed="1" passed="1" error="0" failed="0" timeout="0" aborted="0" inconclusive="0" passedButRunAborted="0" notRunnable="0" notExecuted="0" disconnected="0" warning="0" completed="0" inProgress="0" pending="0" />
  </ResultSummary>
  <TestDefinitions>
    <UnitTest name="inssertarPronosticoClienteTest" storage="c:\users\proyecto\downloads\sandbox\sisppafut\construcción\upc.proyecto.sisppafut\unittests\bin\debug\unittests.dll" id="56af3c64-282d-4061-d434-ff367f906f94">
      <Execution id="c9f80d4a-9a59-4d05-81e7-32363d8baa06" />
      <TestMethod codeBase="C:/Users/proyecto/Downloads/sandbox/SISPPAFUT/Construcción/UPC.Proyecto.SISPPAFUT/UnitTests/bin/Debug/UnitTests.DLL" adapterTypeName="Microsoft.VisualStudio.TestTools.TestTypes.Unit.UnitTestAdapter, Microsoft.VisualStudio.QualityTools.Tips.UnitTest.Adapter, Version=10.0.0.0, Culture=neutral, PublicKeyToken=b03f5f7f11d50a3a" className="UnitTests.PronosticoClienteBCTest, UnitTests, Version=1.0.0.0, Culture=neutral, PublicKeyToken=null" name="inssertarPronosticoClienteTest" />
    </UnitTest>
  </TestDefinitions>
  <TestLists>
    <TestList name="Results Not in a List" id="8c84fa94-04c1-424b-9868-57a2d4851a1d" />
    <TestList name="All Loaded Results" id="19431567-8539-422a-85d7-44ee4e166bda" />
  </TestLists>
  <TestEntries>
    <TestEntry testId="56af3c64-282d-4061-d434-ff367f906f94" executionId="c9f80d4a-9a59-4d05-81e7-32363d8baa06" testListId="8c84fa94-04c1-424b-9868-57a2d4851a1d" />
  </TestEntries>
  <Results>
    <UnitTestResult executionId="c9f80d4a-9a59-4d05-81e7-32363d8baa06" testId="56af3c64-282d-4061-d434-ff367f906f94" testName="inssertarPronosticoClienteTest" computerName="D49-015" duration="00:00:00.0469616" startTime="2012-09-26T18:53:00.1723390-05:00" endTime="2012-09-26T18:53:00.4153390-05:00" testType="13cdc9d9-ddb5-4fa4-a97d-d965ccfc6d4b" outcome="Passed" testListId="8c84fa94-04c1-424b-9868-57a2d4851a1d" relativeResultsDirectory="c9f80d4a-9a59-4d05-81e7-32363d8baa06">
    </UnitTestResult>
  </Results>
</TestRun>