<?xml version="1.0" encoding="UTF-8"?>
<TestRun id="769f758c-0d7f-47bc-82a4-93bef9da9ec6" name="User@MILI-PC 2012-10-14 17:21:06" runUser="MILI-PC\User" xmlns="http://microsoft.com/schemas/VisualStudio/TeamTest/2010">
  <TestSettings name="Local" id="d7146e08-8266-4b9b-aa43-bf7a65afa95e">
    <Description>These are default test settings for a local test run.</Description>
    <Deployment enabled="false" runDeploymentRoot="User_MILI-PC 2012-10-14 17_21_06">
      <DeploymentItem filename="C:\Users\User\Desktop\TDP\Construcción\UPC.Proyecto.SISPPAFUT\UPC.Proyecto.SISPPAFUT.DL.DALC\bin\Debug\UPC.Proyecto.SISPPAFUT.DL.DALC.dll" />
      <DeploymentItem filename="C:\Users\User\Desktop\TDP\Construcción\UPC.Proyecto.SISPPAFUT\UPC.Proyecto.SISPPAFUT.BL.BE\bin\Debug\UPC.Proyecto.SISPPAFUT.BL.BE.dll" />
      <DeploymentItem filename="C:\Users\User\Desktop\TDP\Construcción\UPC.Proyecto.SISPPAFUT\UPC.Seguridad.BL.BE\bin\Debug\UPC.Seguridad.BL.BE.dll" />
      <DeploymentItem filename="C:\Users\User\Desktop\TDP\Construcción\UPC.Proyecto.SISPPAFUT\UPC.Seguridad.DL.DALC\bin\Debug\UPC.Seguridad.DL.DALC.dll" />
      <DeploymentItem filename="C:\Users\User\Desktop\TDP\Construcción\UPC.Proyecto.SISPPAFUT\UPC.Proyecto.SISPPAFUT.BL.BC\bin\Debug\UPC.Proyecto.SISPPAFUT.BL.BC.dll" />
      <DeploymentItem filename="C:\Users\User\Desktop\TDP\Construcción\UPC.Proyecto.SISPPAFUT\UPC.Seguridad.BL.BC\bin\Debug\UPC.Seguridad.BL.BC.dll" />
    </Deployment>
    <Execution>
      <TestTypeSpecific />
      <AgentRule name="Execution Agents">
      </AgentRule>
    </Execution>
  </TestSettings>
  <Times creation="2012-10-14T17:21:06.7292946-05:00" queuing="2012-10-14T17:21:08.2923840-05:00" start="2012-10-14T17:21:08.3543875-05:00" finish="2012-10-14T17:21:09.5024532-05:00" />
  <ResultSummary outcome="Failed">
    <Counters total="1" executed="1" error="0" failed="1" timeout="0" aborted="0" inconclusive="0" passedButRunAborted="0" notRunnable="0" notExecuted="0" disconnected="0" warning="0" passed="0" completed="0" inProgress="0" pending="0" />
  </ResultSummary>
  <TestDefinitions>
    <UnitTest name="listarPronosticosClienteTest" storage="c:\users\user\desktop\tdp\construcción\upc.proyecto.sisppafut\unittests\bin\debug\unittests.dll" id="a429e8a2-9160-8505-47a3-d9d88b390cc1">
      <Execution id="ca80bb4c-0dab-4009-bddf-a44553b6154b" />
      <TestMethod codeBase="C:/Users/User/Desktop/TDP/Construcción/UPC.Proyecto.SISPPAFUT/UnitTests/bin/Debug/UnitTests.DLL" adapterTypeName="Microsoft.VisualStudio.TestTools.TestTypes.Unit.UnitTestAdapter, Microsoft.VisualStudio.QualityTools.Tips.UnitTest.Adapter, Version=10.0.0.0, Culture=neutral, PublicKeyToken=b03f5f7f11d50a3a" className="UnitTests.PronosticoClienteBCTest, UnitTests, Version=1.0.0.0, Culture=neutral, PublicKeyToken=null" name="listarPronosticosClienteTest" />
    </UnitTest>
  </TestDefinitions>
  <TestLists>
    <TestList name="Resultados que no están en la lista" id="8c84fa94-04c1-424b-9868-57a2d4851a1d" />
    <TestList name="Todos los resultados cargados" id="19431567-8539-422a-85d7-44ee4e166bda" />
  </TestLists>
  <TestEntries>
    <TestEntry testId="a429e8a2-9160-8505-47a3-d9d88b390cc1" executionId="ca80bb4c-0dab-4009-bddf-a44553b6154b" testListId="8c84fa94-04c1-424b-9868-57a2d4851a1d" />
  </TestEntries>
  <Results>
    <UnitTestResult executionId="ca80bb4c-0dab-4009-bddf-a44553b6154b" testId="a429e8a2-9160-8505-47a3-d9d88b390cc1" testName="listarPronosticosClienteTest" computerName="MILI-PC" duration="00:00:00.2381033" startTime="2012-10-14T17:21:08.3883895-05:00" endTime="2012-10-14T17:21:09.4574506-05:00" testType="13cdc9d9-ddb5-4fa4-a97d-d965ccfc6d4b" outcome="Failed" testListId="8c84fa94-04c1-424b-9868-57a2d4851a1d" relativeResultsDirectory="ca80bb4c-0dab-4009-bddf-a44553b6154b">
      <Output>
        <ErrorInfo>
          <Message>Error de Assert.AreEqual. Se esperaba &lt;10&gt;, pero es &lt;3&gt;. </Message>
          <StackTrace>   en UnitTests.PronosticoClienteBCTest.listarPronosticosClienteTest() en C:\Users\User\Desktop\TDP\Construcción\UPC.Proyecto.SISPPAFUT\UnitTests\PronosticoClienteBCTest.cs:línea 113
</StackTrace>
        </ErrorInfo>
      </Output>
    </UnitTestResult>
  </Results>
</TestRun>