<?xml version="1.0" encoding="UTF-8"?>
<TestRun id="81debaa2-b4ab-4e2f-ad64-bd259e894f0e" name="User@MILI-PC 2012-10-14 16:57:38" runUser="MILI-PC\User" xmlns="http://microsoft.com/schemas/VisualStudio/TeamTest/2010">
  <TestSettings name="Local" id="d7146e08-8266-4b9b-aa43-bf7a65afa95e">
    <Description>These are default test settings for a local test run.</Description>
    <Deployment enabled="false" runDeploymentRoot="User_MILI-PC 2012-10-14 16_57_38">
      <DeploymentItem filename="C:\Users\User\Desktop\TDP\Construcción\UPC.Proyecto.SISPPAFUT\UPC.Proyecto.SISPPAFUT.DL.DALC\bin\Debug\UPC.Proyecto.SISPPAFUT.DL.DALC.dll" />
      <DeploymentItem filename="C:\Users\User\Desktop\TDP\Construcción\UPC.Proyecto.SISPPAFUT\UPC.Proyecto.SISPPAFUT.BL.BE\bin\Debug\UPC.Proyecto.SISPPAFUT.BL.BE.dll" />
      <DeploymentItem filename="C:\Users\User\Desktop\TDP\Construcción\UPC.Proyecto.SISPPAFUT\UPC.Seguridad.BL.BE\bin\Debug\UPC.Seguridad.BL.BE.dll" />
      <DeploymentItem filename="C:\Users\User\Desktop\TDP\Construcción\UPC.Proyecto.SISPPAFUT\UPC.Seguridad.DL.DALC\bin\Debug\UPC.Seguridad.DL.DALC.dll" />
      <DeploymentItem filename="C:\Users\User\Desktop\TDP\Construcción\UPC.Proyecto.SISPPAFUT\UPC.Proyecto.SISPPAFUT.BL.BC\bin\Debug\UPC.Proyecto.SISPPAFUT.BL.BC.dll" />
      <DeploymentItem filename="C:\Users\User\Desktop\TDP\Construcción\UPC.Proyecto.SISPPAFUT\UPC.Seguridad.BL.BC\bin\Debug\UPC.Seguridad.BL.BC.dll" />
    </Deployment>
    <Execution>
      <TestTypeSpecific />
      <AgentRule name="Execution Agents">
      </AgentRule>
    </Execution>
  </TestSettings>
  <Times creation="2012-10-14T16:57:38.5487513-05:00" queuing="2012-10-14T16:57:40.5038631-05:00" start="2012-10-14T16:57:40.6488714-05:00" finish="2012-10-14T16:57:41.6709298-05:00" />
  <ResultSummary outcome="Completed">
    <Counters total="1" executed="1" passed="1" error="0" failed="0" timeout="0" aborted="0" inconclusive="0" passedButRunAborted="0" notRunnable="0" notExecuted="0" disconnected="0" warning="0" completed="0" inProgress="0" pending="0" />
  </ResultSummary>
  <TestDefinitions>
    <UnitTest name="RegistrarLogTest" storage="c:\users\user\desktop\tdp\construcción\upc.proyecto.sisppafut\unittests\bin\debug\unittests.dll" id="ed19f9b0-1cb8-a10c-ee51-bf6f985d74e5">
      <Execution id="af2dc888-8323-4ac4-a180-8bff3b6a90e2" />
      <TestMethod codeBase="C:/Users/User/Desktop/TDP/Construcción/UPC.Proyecto.SISPPAFUT/UnitTests/bin/Debug/UnitTests.DLL" adapterTypeName="Microsoft.VisualStudio.TestTools.TestTypes.Unit.UnitTestAdapter, Microsoft.VisualStudio.QualityTools.Tips.UnitTest.Adapter, Version=10.0.0.0, Culture=neutral, PublicKeyToken=b03f5f7f11d50a3a" className="UnitTests.LogBCTest, UnitTests, Version=1.0.0.0, Culture=neutral, PublicKeyToken=null" name="RegistrarLogTest" />
    </UnitTest>
  </TestDefinitions>
  <TestLists>
    <TestList name="Resultados que no están en la lista" id="8c84fa94-04c1-424b-9868-57a2d4851a1d" />
    <TestList name="Todos los resultados cargados" id="19431567-8539-422a-85d7-44ee4e166bda" />
  </TestLists>
  <TestEntries>
    <TestEntry testId="ed19f9b0-1cb8-a10c-ee51-bf6f985d74e5" executionId="af2dc888-8323-4ac4-a180-8bff3b6a90e2" testListId="8c84fa94-04c1-424b-9868-57a2d4851a1d" />
  </TestEntries>
  <Results>
    <UnitTestResult executionId="af2dc888-8323-4ac4-a180-8bff3b6a90e2" testId="ed19f9b0-1cb8-a10c-ee51-bf6f985d74e5" testName="RegistrarLogTest" computerName="MILI-PC" duration="00:00:00.1509942" startTime="2012-10-14T16:57:40.6838734-05:00" endTime="2012-10-14T16:57:41.6009258-05:00" testType="13cdc9d9-ddb5-4fa4-a97d-d965ccfc6d4b" outcome="Passed" testListId="8c84fa94-04c1-424b-9868-57a2d4851a1d" relativeResultsDirectory="af2dc888-8323-4ac4-a180-8bff3b6a90e2">
    </UnitTestResult>
  </Results>
</TestRun>