<?xml version="1.0" encoding="UTF-8"?>
<TestRun id="adcc3863-0d2d-4a53-816b-53c4b3508bef" name="User@MILI-PC 2012-10-22 16:59:18" runUser="MILI-PC\User" xmlns="http://microsoft.com/schemas/VisualStudio/TeamTest/2010">
  <TestSettings name="Local" id="d7146e08-8266-4b9b-aa43-bf7a65afa95e">
    <Description>These are default test settings for a local test run.</Description>
    <Deployment enabled="false" runDeploymentRoot="User_MILI-PC 2012-10-22 16_59_18">
      <DeploymentItem filename="C:\Users\User\Desktop\TDP\Construcción\UPC.Proyecto.SISPPAFUT\UPC.Proyecto.SISPPAFUT.DL.DALC\bin\Debug\UPC.Proyecto.SISPPAFUT.DL.DALC.dll" />
      <DeploymentItem filename="C:\Users\User\Desktop\TDP\Construcción\UPC.Proyecto.SISPPAFUT\UPC.Proyecto.SISPPAFUT.BL.BE\bin\Debug\UPC.Proyecto.SISPPAFUT.BL.BE.dll" />
      <DeploymentItem filename="C:\Users\User\Desktop\TDP\Construcción\UPC.Proyecto.SISPPAFUT\UPC.Seguridad.BL.BE\bin\Debug\UPC.Seguridad.BL.BE.dll" />
      <DeploymentItem filename="C:\Users\User\Desktop\TDP\Construcción\UPC.Proyecto.SISPPAFUT\UPC.Seguridad.DL.DALC\bin\Debug\UPC.Seguridad.DL.DALC.dll" />
      <DeploymentItem filename="C:\Users\User\Desktop\TDP\Construcción\UPC.Proyecto.SISPPAFUT\UPC.Proyecto.SISPPAFUT.BL.BC\bin\Debug\UPC.Proyecto.SISPPAFUT.BL.BC.dll" />
      <DeploymentItem filename="C:\Users\User\Desktop\TDP\Construcción\UPC.Proyecto.SISPPAFUT\UPC.Seguridad.BL.BC\bin\Debug\UPC.Seguridad.BL.BC.dll" />
    </Deployment>
    <Execution>
      <TestTypeSpecific />
      <AgentRule name="Execution Agents">
      </AgentRule>
    </Execution>
  </TestSettings>
  <Times creation="2012-10-22T16:59:18.9856332-05:00" queuing="2012-10-22T16:59:22.2048174-05:00" start="2012-10-22T16:59:22.2468198-05:00" finish="2012-10-22T16:59:23.2508772-05:00" />
  <ResultSummary outcome="Completed">
    <Counters total="1" executed="1" passed="1" error="0" failed="0" timeout="0" aborted="0" inconclusive="0" passedButRunAborted="0" notRunnable="0" notExecuted="0" disconnected="0" warning="0" completed="0" inProgress="0" pending="0" />
  </ResultSummary>
  <TestDefinitions>
    <UnitTest name="RegistrarEntrenadorTest" storage="c:\users\user\desktop\tdp\construcción\upc.proyecto.sisppafut\unittests\bin\debug\unittests.dll" id="252ba898-bb94-e1e2-5ac0-3a8627d34b19">
      <Execution id="05e336b4-6fca-4fc8-a624-6985f5089735" />
      <TestMethod codeBase="C:/Users/User/Desktop/TDP/Construcción/UPC.Proyecto.SISPPAFUT/UnitTests/bin/Debug/UnitTests.DLL" adapterTypeName="Microsoft.VisualStudio.TestTools.TestTypes.Unit.UnitTestAdapter, Microsoft.VisualStudio.QualityTools.Tips.UnitTest.Adapter, Version=10.0.0.0, Culture=neutral, PublicKeyToken=b03f5f7f11d50a3a" className="UnitTests.EntrenadorBCTest, UnitTests, Version=1.0.0.0, Culture=neutral, PublicKeyToken=null" name="RegistrarEntrenadorTest" />
    </UnitTest>
  </TestDefinitions>
  <TestLists>
    <TestList name="Resultados que no están en la lista" id="8c84fa94-04c1-424b-9868-57a2d4851a1d" />
    <TestList name="Todos los resultados cargados" id="19431567-8539-422a-85d7-44ee4e166bda" />
  </TestLists>
  <TestEntries>
    <TestEntry testId="252ba898-bb94-e1e2-5ac0-3a8627d34b19" executionId="05e336b4-6fca-4fc8-a624-6985f5089735" testListId="8c84fa94-04c1-424b-9868-57a2d4851a1d" />
  </TestEntries>
  <Results>
    <UnitTestResult executionId="05e336b4-6fca-4fc8-a624-6985f5089735" testId="252ba898-bb94-e1e2-5ac0-3a8627d34b19" testName="RegistrarEntrenadorTest" computerName="MILI-PC" duration="00:00:00.2480662" startTime="2012-10-22T16:59:22.3098234-05:00" endTime="2012-10-22T16:59:23.2178753-05:00" testType="13cdc9d9-ddb5-4fa4-a97d-d965ccfc6d4b" outcome="Passed" testListId="8c84fa94-04c1-424b-9868-57a2d4851a1d" relativeResultsDirectory="05e336b4-6fca-4fc8-a624-6985f5089735">
    </UnitTestResult>
  </Results>
</TestRun>