<?xml version="1.0" encoding="UTF-8"?>
<TestRun id="50648bdd-3899-4026-9c66-471d41c66b8e" name="alumnos@C35-04 2012-04-16 18:29:09" runUser="C35-04\alumnos" xmlns="http://microsoft.com/schemas/VisualStudio/TeamTest/2010">
  <TestSettings name="Local" id="d7146e08-8266-4b9b-aa43-bf7a65afa95e">
    <Description>These are default test settings for a local test run.</Description>
    <Deployment enabled="false" runDeploymentRoot="alumnos_C35-04 2012-04-16 18_29_09">
      <DeploymentItem filename="C:\Users\alumnos\Documents\sandbox\SISPPAFUT\Construcción\UPC.Proyecto.SISPPAFUT\UPC.Proyecto.SISPPAFUT.DL.DALC\bin\Debug\UPC.Proyecto.SISPPAFUT.DL.DALC.dll" />
      <DeploymentItem filename="C:\Users\alumnos\Documents\sandbox\SISPPAFUT\Construcción\UPC.Proyecto.SISPPAFUT\UPC.Proyecto.SISPPAFUT.BL.BE\bin\Debug\UPC.Proyecto.SISPPAFUT.BL.BE.dll" />
      <DeploymentItem filename="C:\Users\alumnos\Documents\sandbox\SISPPAFUT\Construcción\UPC.Proyecto.SISPPAFUT\UPC.Proyecto.SISPPAFUT.BL.BC\bin\Debug\UPC.Proyecto.SISPPAFUT.BL.BC.dll" />
    </Deployment>
    <Execution>
      <TestTypeSpecific />
      <AgentRule name="Execution Agents">
      </AgentRule>
    </Execution>
  </TestSettings>
  <Times creation="2012-04-16T18:29:09.2823149-05:00" queuing="2012-04-16T18:29:09.2953162-05:00" start="2012-04-16T18:29:09.3023169-05:00" finish="2012-04-16T18:29:09.5443411-05:00" />
  <ResultSummary outcome="Completed">
    <Counters total="1" executed="1" passed="1" error="0" failed="0" timeout="0" aborted="0" inconclusive="0" passedButRunAborted="0" notRunnable="0" notExecuted="0" disconnected="0" warning="0" completed="0" inProgress="0" pending="0" />
  </ResultSummary>
  <TestDefinitions>
    <UnitTest name="listarPaisesTest" storage="c:\users\alumnos\documents\sandbox\sisppafut\construcción\upc.proyecto.sisppafut\unittests\bin\debug\unittests.dll" id="13d491b4-0819-c87e-7d34-fc2e1bd5905e">
      <Execution id="1c35e71f-1e63-4476-9249-bf372c2382d8" />
      <TestMethod codeBase="C:/Users/alumnos/Documents/sandbox/SISPPAFUT/Construcción/UPC.Proyecto.SISPPAFUT/UnitTests/bin/Debug/UnitTests.DLL" adapterTypeName="Microsoft.VisualStudio.TestTools.TestTypes.Unit.UnitTestAdapter, Microsoft.VisualStudio.QualityTools.Tips.UnitTest.Adapter, Version=10.0.0.0, Culture=neutral, PublicKeyToken=b03f5f7f11d50a3a" className="UnitTests.PaisBCTest, UnitTests, Version=1.0.0.0, Culture=neutral, PublicKeyToken=null" name="listarPaisesTest" />
    </UnitTest>
  </TestDefinitions>
  <TestLists>
    <TestList name="Results Not in a List" id="8c84fa94-04c1-424b-9868-57a2d4851a1d" />
    <TestList name="All Loaded Results" id="19431567-8539-422a-85d7-44ee4e166bda" />
  </TestLists>
  <TestEntries>
    <TestEntry testId="13d491b4-0819-c87e-7d34-fc2e1bd5905e" executionId="1c35e71f-1e63-4476-9249-bf372c2382d8" testListId="8c84fa94-04c1-424b-9868-57a2d4851a1d" />
  </TestEntries>
  <Results>
    <UnitTestResult executionId="1c35e71f-1e63-4476-9249-bf372c2382d8" testId="13d491b4-0819-c87e-7d34-fc2e1bd5905e" testName="listarPaisesTest" computerName="C35-04" duration="00:00:00.0272847" startTime="2012-04-16T18:29:09.3033170-05:00" endTime="2012-04-16T18:29:09.5313398-05:00" testType="13cdc9d9-ddb5-4fa4-a97d-d965ccfc6d4b" outcome="Passed" testListId="8c84fa94-04c1-424b-9868-57a2d4851a1d" relativeResultsDirectory="1c35e71f-1e63-4476-9249-bf372c2382d8">
    </UnitTestResult>
  </Results>
</TestRun>