<?xml version="1.0" encoding="UTF-8"?>
<TestRun id="208fa8ec-689e-490b-8c96-7ed42b5e03d4" name="operador@D49-014 2012-09-05 17:40:44" runUser="D49-014\operador" xmlns="http://microsoft.com/schemas/VisualStudio/TeamTest/2010">
  <TestSettings name="Local" id="d7146e08-8266-4b9b-aa43-bf7a65afa95e">
    <Description>These are default test settings for a local test run.</Description>
    <Deployment enabled="false" runDeploymentRoot="operador_D49-014 2012-09-05 17_40_44">
      <DeploymentItem filename="C:\Users\operador\Desktop\TDP1\Construcción\UPC.Proyecto.SISPPAFUT\UPC.Proyecto.SISPPAFUT.BL.BC\bin\Debug\UPC.Proyecto.SISPPAFUT.BL.BC.dll" />
      <DeploymentItem filename="C:\Users\operador\Desktop\TDP1\Construcción\UPC.Proyecto.SISPPAFUT\UPC.Proyecto.SISPPAFUT.DL.DALC\bin\Debug\UPC.Proyecto.SISPPAFUT.DL.DALC.dll" />
      <DeploymentItem filename="C:\Users\operador\Desktop\TDP1\Construcción\UPC.Proyecto.SISPPAFUT\UPC.Proyecto.SISPPAFUT.BL.BE\bin\Debug\UPC.Proyecto.SISPPAFUT.BL.BE.dll" />
    </Deployment>
    <Execution>
      <TestTypeSpecific />
      <AgentRule name="Execution Agents">
      </AgentRule>
    </Execution>
  </TestSettings>
  <Times creation="2012-09-05T17:40:44.7722366-05:00" queuing="2012-09-05T17:40:44.8162366-05:00" start="2012-09-05T17:40:44.8212366-05:00" finish="2012-09-05T17:40:45.0752366-05:00" />
  <ResultSummary outcome="Completed">
    <Counters total="1" executed="1" passed="1" error="0" failed="0" timeout="0" aborted="0" inconclusive="0" passedButRunAborted="0" notRunnable="0" notExecuted="0" disconnected="0" warning="0" completed="0" inProgress="0" pending="0" />
  </ResultSummary>
  <TestDefinitions>
    <UnitTest name="listar_PronosticosParaApostadorTest" storage="c:\users\operador\desktop\tdp1\construcción\upc.proyecto.sisppafut\unittests\bin\debug\unittests.dll" id="c84aaf7a-0cff-9c4d-ad82-655446159541">
      <Execution id="a5f22591-ff4e-42de-b5fc-9f934df5a97e" />
      <TestMethod codeBase="C:/Users/operador/Desktop/TDP1/Construcción/UPC.Proyecto.SISPPAFUT/UnitTests/bin/Debug/UnitTests.DLL" adapterTypeName="Microsoft.VisualStudio.TestTools.TestTypes.Unit.UnitTestAdapter, Microsoft.VisualStudio.QualityTools.Tips.UnitTest.Adapter, Version=10.0.0.0, Culture=neutral, PublicKeyToken=b03f5f7f11d50a3a" className="UnitTests.PronosticoBCTest, UnitTests, Version=1.0.0.0, Culture=neutral, PublicKeyToken=null" name="listar_PronosticosParaApostadorTest" />
    </UnitTest>
  </TestDefinitions>
  <TestLists>
    <TestList name="Results Not in a List" id="8c84fa94-04c1-424b-9868-57a2d4851a1d" />
    <TestList name="All Loaded Results" id="19431567-8539-422a-85d7-44ee4e166bda" />
  </TestLists>
  <TestEntries>
    <TestEntry testId="c84aaf7a-0cff-9c4d-ad82-655446159541" executionId="a5f22591-ff4e-42de-b5fc-9f934df5a97e" testListId="8c84fa94-04c1-424b-9868-57a2d4851a1d" />
  </TestEntries>
  <Results>
    <UnitTestResult executionId="a5f22591-ff4e-42de-b5fc-9f934df5a97e" testId="c84aaf7a-0cff-9c4d-ad82-655446159541" testName="listar_PronosticosParaApostadorTest" computerName="D49-014" duration="00:00:00.0659651" startTime="2012-09-05T17:40:44.8222366-05:00" endTime="2012-09-05T17:40:45.0642366-05:00" testType="13cdc9d9-ddb5-4fa4-a97d-d965ccfc6d4b" outcome="Passed" testListId="8c84fa94-04c1-424b-9868-57a2d4851a1d" relativeResultsDirectory="a5f22591-ff4e-42de-b5fc-9f934df5a97e">
    </UnitTestResult>
  </Results>
</TestRun>