<?xml version="1.0" encoding="UTF-8"?>
<TestRun id="8fbe918d-c50b-4390-ad08-44f50b6960d5" name="operador@D49-014 2012-09-05 17:18:07" runUser="D49-014\operador" xmlns="http://microsoft.com/schemas/VisualStudio/TeamTest/2010">
  <TestSettings name="Local" id="d7146e08-8266-4b9b-aa43-bf7a65afa95e">
    <Description>These are default test settings for a local test run.</Description>
    <Deployment enabled="false" runDeploymentRoot="operador_D49-014 2012-09-05 17_18_07">
      <DeploymentItem filename="C:\Users\operador\Desktop\TDP1\Construcción\UPC.Proyecto.SISPPAFUT\UPC.Proyecto.SISPPAFUT.BL.BC\bin\Debug\UPC.Proyecto.SISPPAFUT.BL.BC.dll" />
      <DeploymentItem filename="C:\Users\operador\Desktop\TDP1\Construcción\UPC.Proyecto.SISPPAFUT\UPC.Proyecto.SISPPAFUT.DL.DALC\bin\Debug\UPC.Proyecto.SISPPAFUT.DL.DALC.dll" />
      <DeploymentItem filename="C:\Users\operador\Desktop\TDP1\Construcción\UPC.Proyecto.SISPPAFUT\UPC.Proyecto.SISPPAFUT.BL.BE\bin\Debug\UPC.Proyecto.SISPPAFUT.BL.BE.dll" />
    </Deployment>
    <Execution>
      <TestTypeSpecific />
      <AgentRule name="Execution Agents">
      </AgentRule>
    </Execution>
  </TestSettings>
  <Times creation="2012-09-05T17:18:07.3818468-05:00" queuing="2012-09-05T17:18:07.4238468-05:00" start="2012-09-05T17:18:07.4288468-05:00" finish="2012-09-05T17:18:07.6488468-05:00" />
  <ResultSummary outcome="Completed">
    <Counters total="1" executed="1" passed="1" error="0" failed="0" timeout="0" aborted="0" inconclusive="0" passedButRunAborted="0" notRunnable="0" notExecuted="0" disconnected="0" warning="0" completed="0" inProgress="0" pending="0" />
  </ResultSummary>
  <TestDefinitions>
    <UnitTest name="actualizar_PronosticoTest" storage="c:\users\operador\desktop\tdp1\construcción\upc.proyecto.sisppafut\unittests\bin\debug\unittests.dll" id="53b59f42-0d7f-9b71-9119-7a4f752267df">
      <Execution id="02652042-b17c-43a9-bd82-9991dd44caab" />
      <TestMethod codeBase="C:/Users/operador/Desktop/TDP1/Construcción/UPC.Proyecto.SISPPAFUT/UnitTests/bin/Debug/UnitTests.DLL" adapterTypeName="Microsoft.VisualStudio.TestTools.TestTypes.Unit.UnitTestAdapter, Microsoft.VisualStudio.QualityTools.Tips.UnitTest.Adapter, Version=10.0.0.0, Culture=neutral, PublicKeyToken=b03f5f7f11d50a3a" className="UnitTests.PronosticoBCTest, UnitTests, Version=1.0.0.0, Culture=neutral, PublicKeyToken=null" name="actualizar_PronosticoTest" />
    </UnitTest>
  </TestDefinitions>
  <TestLists>
    <TestList name="Results Not in a List" id="8c84fa94-04c1-424b-9868-57a2d4851a1d" />
    <TestList name="All Loaded Results" id="19431567-8539-422a-85d7-44ee4e166bda" />
  </TestLists>
  <TestEntries>
    <TestEntry testId="53b59f42-0d7f-9b71-9119-7a4f752267df" executionId="02652042-b17c-43a9-bd82-9991dd44caab" testListId="8c84fa94-04c1-424b-9868-57a2d4851a1d" />
  </TestEntries>
  <Results>
    <UnitTestResult executionId="02652042-b17c-43a9-bd82-9991dd44caab" testId="53b59f42-0d7f-9b71-9119-7a4f752267df" testName="actualizar_PronosticoTest" computerName="D49-014" duration="00:00:00.0306997" startTime="2012-09-05T17:18:07.4298468-05:00" endTime="2012-09-05T17:18:07.6378468-05:00" testType="13cdc9d9-ddb5-4fa4-a97d-d965ccfc6d4b" outcome="Passed" testListId="8c84fa94-04c1-424b-9868-57a2d4851a1d" relativeResultsDirectory="02652042-b17c-43a9-bd82-9991dd44caab">
    </UnitTestResult>
  </Results>
</TestRun>