<?xml version="1.0" encoding="UTF-8"?>
<TestRun id="d18be4bc-7fa1-47be-93a1-4bda71170c47" name="PA@H1-HP 2012-08-29 12:48:10" runUser="H1-HP\PA" xmlns="http://microsoft.com/schemas/VisualStudio/TeamTest/2010">
  <TestSettings name="Local" id="d7146e08-8266-4b9b-aa43-bf7a65afa95e">
    <Description>These are default test settings for a local test run.</Description>
    <Deployment enabled="false" runDeploymentRoot="PA_H1-HP 2012-08-29 12_48_10">
      <DeploymentItem filename="C:\Users\PA\Desktop\TDP1\Construcción\UPC.Proyecto.SISPPAFUT\UPC.Proyecto.SISPPAFUT.BL.BC\bin\Debug\UPC.Proyecto.SISPPAFUT.BL.BC.dll" />
      <DeploymentItem filename="C:\Users\PA\Desktop\TDP1\Construcción\UPC.Proyecto.SISPPAFUT\UPC.Proyecto.SISPPAFUT.BL.BE\bin\Debug\UPC.Proyecto.SISPPAFUT.BL.BE.dll" />
      <DeploymentItem filename="C:\Users\PA\Desktop\TDP1\Construcción\UPC.Proyecto.SISPPAFUT\UPC.Proyecto.SISPPAFUT.DL.DALC\bin\Debug\UPC.Proyecto.SISPPAFUT.DL.DALC.dll" />
    </Deployment>
    <Execution>
      <TestTypeSpecific />
      <AgentRule name="Execution Agents">
      </AgentRule>
    </Execution>
  </TestSettings>
  <Times creation="2012-08-29T12:48:10.8710635-05:00" queuing="2012-08-29T12:48:19.8575775-05:00" start="2012-08-29T12:48:20.2435995-05:00" finish="2012-08-29T12:48:25.8069178-05:00" />
  <ResultSummary outcome="Completed">
    <Counters total="1" executed="1" passed="1" error="0" failed="0" timeout="0" aborted="0" inconclusive="0" passedButRunAborted="0" notRunnable="0" notExecuted="0" disconnected="0" warning="0" completed="0" inProgress="0" pending="0" />
  </ResultSummary>
  <TestDefinitions>
    <UnitTest name="transferirJugadorNuevoEquipoTest" storage="c:\users\pa\desktop\tdp1\construcción\upc.proyecto.sisppafut\unittests\bin\debug\unittests.dll" id="0b168037-35da-4adc-0f99-81b44aa9dfeb">
      <Execution id="f8ce5aa4-0f5a-458e-919b-ca81d1666ea3" />
      <TestMethod codeBase="C:/Users/PA/Desktop/TDP1/Construcción/UPC.Proyecto.SISPPAFUT/UnitTests/bin/Debug/UnitTests.DLL" adapterTypeName="Microsoft.VisualStudio.TestTools.TestTypes.Unit.UnitTestAdapter, Microsoft.VisualStudio.QualityTools.Tips.UnitTest.Adapter, Version=10.0.0.0, Culture=neutral, PublicKeyToken=b03f5f7f11d50a3a" className="UnitTests.JugadorBCTest, UnitTests, Version=1.0.0.0, Culture=neutral, PublicKeyToken=null" name="transferirJugadorNuevoEquipoTest" />
    </UnitTest>
  </TestDefinitions>
  <TestLists>
    <TestList name="Resultados que no están en la lista" id="8c84fa94-04c1-424b-9868-57a2d4851a1d" />
    <TestList name="Todos los resultados cargados" id="19431567-8539-422a-85d7-44ee4e166bda" />
  </TestLists>
  <TestEntries>
    <TestEntry testId="0b168037-35da-4adc-0f99-81b44aa9dfeb" executionId="f8ce5aa4-0f5a-458e-919b-ca81d1666ea3" testListId="8c84fa94-04c1-424b-9868-57a2d4851a1d" />
  </TestEntries>
  <Results>
    <UnitTestResult executionId="f8ce5aa4-0f5a-458e-919b-ca81d1666ea3" testId="0b168037-35da-4adc-0f99-81b44aa9dfeb" testName="transferirJugadorNuevoEquipoTest" computerName="H1-HP" duration="00:00:02.0506389" startTime="2012-08-29T12:48:20.4406108-05:00" endTime="2012-08-29T12:48:24.0258159-05:00" testType="13cdc9d9-ddb5-4fa4-a97d-d965ccfc6d4b" outcome="Passed" testListId="8c84fa94-04c1-424b-9868-57a2d4851a1d" relativeResultsDirectory="f8ce5aa4-0f5a-458e-919b-ca81d1666ea3">
    </UnitTestResult>
  </Results>
</TestRun>