<?xml version="1.0" encoding="UTF-8"?>
<TestRun id="0d2464b3-4edb-4b97-8176-f0997a106869" name="proyecto@D49-014 2012-09-17 17:41:47" runUser="D49-014\proyecto" xmlns="http://microsoft.com/schemas/VisualStudio/TeamTest/2010">
  <TestSettings name="Local" id="d7146e08-8266-4b9b-aa43-bf7a65afa95e">
    <Description>These are default test settings for a local test run.</Description>
    <Deployment enabled="false" runDeploymentRoot="proyecto_D49-014 2012-09-17 17_41_47">
      <DeploymentItem filename="C:\Users\proyecto\Desktop\TDP1\Construcción\UPC.Proyecto.SISPPAFUT\UPC.Proyecto.SISPPAFUT.BL.BE\bin\Debug\UPC.Proyecto.SISPPAFUT.BL.BE.dll" />
      <DeploymentItem filename="C:\Users\proyecto\Desktop\TDP1\Construcción\UPC.Proyecto.SISPPAFUT\UPC.Seguridad.BL.BC\bin\Debug\UPC.Seguridad.BL.BC.dll" />
      <DeploymentItem filename="C:\Users\proyecto\Desktop\TDP1\Construcción\UPC.Proyecto.SISPPAFUT\UPC.Proyecto.SISPPAFUT.BL.BC\bin\Debug\UPC.Proyecto.SISPPAFUT.BL.BC.dll" />
      <DeploymentItem filename="C:\Users\proyecto\Desktop\TDP1\Construcción\UPC.Proyecto.SISPPAFUT\UPC.Seguridad.BL.BE\bin\Debug\UPC.Seguridad.BL.BE.dll" />
      <DeploymentItem filename="C:\Users\proyecto\Desktop\TDP1\Construcción\UPC.Proyecto.SISPPAFUT\UPC.Proyecto.SISPPAFUT.DL.DALC\bin\Debug\UPC.Proyecto.SISPPAFUT.DL.DALC.dll" />
      <DeploymentItem filename="C:\Users\proyecto\Desktop\TDP1\Construcción\UPC.Proyecto.SISPPAFUT\UPC.Seguridad.DL.DALC\bin\Debug\UPC.Seguridad.DL.DALC.dll" />
    </Deployment>
    <Execution>
      <TestTypeSpecific />
      <AgentRule name="Execution Agents">
      </AgentRule>
    </Execution>
  </TestSettings>
  <Times creation="2012-09-17T17:41:47.3354269-05:00" queuing="2012-09-17T17:41:48.5964269-05:00" start="2012-09-17T17:41:48.6064269-05:00" finish="2012-09-17T17:41:52.4114269-05:00" />
  <ResultSummary outcome="Error">
    <Counters total="1" executed="1" error="1" failed="0" timeout="0" aborted="0" inconclusive="0" passedButRunAborted="0" notRunnable="0" notExecuted="0" disconnected="0" warning="0" passed="0" completed="0" inProgress="0" pending="0" />
  </ResultSummary>
  <TestDefinitions>
    <UnitTest name="Insertar_RolXFuncionalidadTest" storage="c:\users\proyecto\desktop\tdp1\construcción\upc.proyecto.sisppafut\unittests\bin\debug\unittests.dll" id="117b198a-7811-607c-3074-d4bb240d76f1">
      <Execution id="bd6f4187-fe40-4817-a813-bc1bea8c7d19" />
      <TestMethod codeBase="C:/Users/proyecto/Desktop/TDP1/Construcción/UPC.Proyecto.SISPPAFUT/UnitTests/bin/Debug/UnitTests.DLL" adapterTypeName="Microsoft.VisualStudio.TestTools.TestTypes.Unit.UnitTestAdapter, Microsoft.VisualStudio.QualityTools.Tips.UnitTest.Adapter, Version=10.0.0.0, Culture=neutral, PublicKeyToken=b03f5f7f11d50a3a" className="UnitTests.RolXFuncionalidadBCTest, UnitTests, Version=1.0.0.0, Culture=neutral, PublicKeyToken=null" name="Insertar_RolXFuncionalidadTest" />
    </UnitTest>
  </TestDefinitions>
  <TestLists>
    <TestList name="Results Not in a List" id="8c84fa94-04c1-424b-9868-57a2d4851a1d" />
    <TestList name="All Loaded Results" id="19431567-8539-422a-85d7-44ee4e166bda" />
  </TestLists>
  <TestEntries>
    <TestEntry testId="117b198a-7811-607c-3074-d4bb240d76f1" executionId="bd6f4187-fe40-4817-a813-bc1bea8c7d19" testListId="8c84fa94-04c1-424b-9868-57a2d4851a1d" />
  </TestEntries>
  <Results>
    <UnitTestResult executionId="bd6f4187-fe40-4817-a813-bc1bea8c7d19" testId="117b198a-7811-607c-3074-d4bb240d76f1" testName="Insertar_RolXFuncionalidadTest" computerName="D49-014" startTime="2012-09-17T17:41:48.6214269-05:00" endTime="2012-09-17T17:41:52.4034269-05:00" testType="13cdc9d9-ddb5-4fa4-a97d-d965ccfc6d4b" testListId="8c84fa94-04c1-424b-9868-57a2d4851a1d" relativeResultsDirectory="bd6f4187-fe40-4817-a813-bc1bea8c7d19">
      <Output>
        <ErrorInfo>
          <Message>The agent process was stopped while the test was running.</Message>
        </ErrorInfo>
      </Output>
    </UnitTestResult>
  </Results>
</TestRun>