<?xml version="1.0" encoding="UTF-8"?>
<TestRun id="7d572d55-2927-443b-8293-16def632fa03" name="proyecto@D49-015 2012-09-26 18:46:26" runUser="D49-015\proyecto" xmlns="http://microsoft.com/schemas/VisualStudio/TeamTest/2010">
  <TestSettings name="Local" id="d7146e08-8266-4b9b-aa43-bf7a65afa95e">
    <Description>These are default test settings for a local test run.</Description>
    <Deployment enabled="false" runDeploymentRoot="proyecto_D49-015 2012-09-26 18_46_26">
      <DeploymentItem filename="C:\Users\proyecto\Downloads\sandbox\SISPPAFUT\Construcción\UPC.Proyecto.SISPPAFUT\UPC.Proyecto.SISPPAFUT.DL.DALC\bin\Debug\UPC.Proyecto.SISPPAFUT.DL.DALC.dll" />
      <DeploymentItem filename="C:\Users\proyecto\Downloads\sandbox\SISPPAFUT\Construcción\UPC.Proyecto.SISPPAFUT\UPC.Seguridad.BL.BE\bin\Debug\UPC.Seguridad.BL.BE.dll" />
      <DeploymentItem filename="C:\Users\proyecto\Downloads\sandbox\SISPPAFUT\Construcción\UPC.Proyecto.SISPPAFUT\UPC.Seguridad.DL.DALC\bin\Debug\UPC.Seguridad.DL.DALC.dll" />
      <DeploymentItem filename="C:\Users\proyecto\Downloads\sandbox\SISPPAFUT\Construcción\UPC.Proyecto.SISPPAFUT\UPC.Proyecto.SISPPAFUT.BL.BC\bin\Debug\UPC.Proyecto.SISPPAFUT.BL.BC.dll" />
      <DeploymentItem filename="C:\Users\proyecto\Downloads\sandbox\SISPPAFUT\Construcción\UPC.Proyecto.SISPPAFUT\UPC.Proyecto.SISPPAFUT.BL.BE\bin\Debug\UPC.Proyecto.SISPPAFUT.BL.BE.dll" />
      <DeploymentItem filename="C:\Users\proyecto\Downloads\sandbox\SISPPAFUT\Construcción\UPC.Proyecto.SISPPAFUT\UPC.Seguridad.BL.BC\bin\Debug\UPC.Seguridad.BL.BC.dll" />
    </Deployment>
    <Execution>
      <TestTypeSpecific />
      <AgentRule name="Execution Agents">
      </AgentRule>
    </Execution>
  </TestSettings>
  <Times creation="2012-09-26T18:46:26.4725123-05:00" queuing="2012-09-26T18:46:31.4490099-05:00" start="2012-09-26T18:46:31.5370187-05:00" finish="2012-09-26T18:46:34.3533003-05:00" />
  <ResultSummary outcome="Failed">
    <Counters total="1" executed="1" error="0" failed="1" timeout="0" aborted="0" inconclusive="0" passedButRunAborted="0" notRunnable="0" notExecuted="0" disconnected="0" warning="0" passed="0" completed="0" inProgress="0" pending="0" />
  </ResultSummary>
  <TestDefinitions>
    <UnitTest name="inssertarPronosticoClienteTest" storage="c:\users\proyecto\downloads\sandbox\sisppafut\construcción\upc.proyecto.sisppafut\unittests\bin\debug\unittests.dll" id="56af3c64-282d-4061-d434-ff367f906f94">
      <Execution id="61f2763f-404d-4daa-8b33-ca23c83c3de2" />
      <TestMethod codeBase="C:/Users/proyecto/Downloads/sandbox/SISPPAFUT/Construcción/UPC.Proyecto.SISPPAFUT/UnitTests/bin/Debug/UnitTests.DLL" adapterTypeName="Microsoft.VisualStudio.TestTools.TestTypes.Unit.UnitTestAdapter, Microsoft.VisualStudio.QualityTools.Tips.UnitTest.Adapter, Version=10.0.0.0, Culture=neutral, PublicKeyToken=b03f5f7f11d50a3a" className="UnitTests.PronosticoClienteBCTest, UnitTests, Version=1.0.0.0, Culture=neutral, PublicKeyToken=null" name="inssertarPronosticoClienteTest" />
    </UnitTest>
  </TestDefinitions>
  <TestLists>
    <TestList name="Results Not in a List" id="8c84fa94-04c1-424b-9868-57a2d4851a1d" />
    <TestList name="All Loaded Results" id="19431567-8539-422a-85d7-44ee4e166bda" />
  </TestLists>
  <TestEntries>
    <TestEntry testId="56af3c64-282d-4061-d434-ff367f906f94" executionId="61f2763f-404d-4daa-8b33-ca23c83c3de2" testListId="8c84fa94-04c1-424b-9868-57a2d4851a1d" />
  </TestEntries>
  <Results>
    <UnitTestResult executionId="61f2763f-404d-4daa-8b33-ca23c83c3de2" testId="56af3c64-282d-4061-d434-ff367f906f94" testName="inssertarPronosticoClienteTest" computerName="D49-015" duration="00:00:00.6735024" startTime="2012-09-26T18:46:31.6830333-05:00" endTime="2012-09-26T18:46:32.7991449-05:00" testType="13cdc9d9-ddb5-4fa4-a97d-d965ccfc6d4b" outcome="Failed" testListId="8c84fa94-04c1-424b-9868-57a2d4851a1d" relativeResultsDirectory="61f2763f-404d-4daa-8b33-ca23c83c3de2">
      <Output>
        <ErrorInfo>
          <Message>Test method UnitTests.PronosticoClienteBCTest.inssertarPronosticoClienteTest threw exception: 
System.Data.SqlClient.SqlException: Could not find stored procedure 'spListarPronosticoCliente'.</Message>
          <StackTrace>    at System.Data.SqlClient.SqlConnection.OnError(SqlException exception, Boolean breakConnection)
   at System.Data.SqlClient.SqlInternalConnection.OnError(SqlException exception, Boolean breakConnection)
   at System.Data.SqlClient.TdsParser.ThrowExceptionAndWarning()
   at System.Data.SqlClient.TdsParser.Run(RunBehavior runBehavior, SqlCommand cmdHandler, SqlDataReader dataStream, BulkCopySimpleResultSet bulkCopyHandler, TdsParserStateObject stateObj)
   at System.Data.SqlClient.SqlDataReader.ConsumeMetaData()
   at System.Data.SqlClient.SqlDataReader.get_MetaData()
   at System.Data.SqlClient.SqlCommand.FinishExecuteReader(SqlDataReader ds, RunBehavior runBehavior, String resetOptionsString)
   at System.Data.SqlClient.SqlCommand.RunExecuteReaderTds(CommandBehavior cmdBehavior, RunBehavior runBehavior, Boolean returnStream, Boolean async)
   at System.Data.SqlClient.SqlCommand.RunExecuteReader(CommandBehavior cmdBehavior, RunBehavior runBehavior, Boolean returnStream, String method, DbAsyncResult result)
   at System.Data.SqlClient.SqlCommand.RunExecuteReader(CommandBehavior cmdBehavior, RunBehavior runBehavior, Boolean returnStream, String method)
   at System.Data.SqlClient.SqlCommand.ExecuteReader(CommandBehavior behavior, String method)
   at System.Data.SqlClient.SqlCommand.ExecuteReader()
   at UPC.Proyecto.SISPPAFUT.DL.DALC.PronosticoClienteDALC.listarPronosticosCliente(Int32 codCliente) in C:\Users\proyecto\Downloads\sandbox\SISPPAFUT\Construcción\UPC.Proyecto.SISPPAFUT\UPC.Proyecto.SISPPAFUT.DL.DALC\PronosticoClienteDALC.cs:line 124
   at UPC.Proyecto.SISPPAFUT.BL.BC.PronosticoClienteBC.listarPronosticosCliente(Int32 icodCliente) in C:\Users\proyecto\Downloads\sandbox\SISPPAFUT\Construcción\UPC.Proyecto.SISPPAFUT\UPC.Proyecto.SISPPAFUT.BL.BC\PronosticoClienteBC.cs:line 39
   at UnitTests.PronosticoClienteBCTest.inssertarPronosticoClienteTest() in C:\Users\proyecto\Downloads\sandbox\SISPPAFUT\Construcción\UPC.Proyecto.SISPPAFUT\UnitTests\PronosticoClienteBCTest.cs:line 87
</StackTrace>
        </ErrorInfo>
      </Output>
    </UnitTestResult>
  </Results>
</TestRun>