<?xml version="1.0" encoding="UTF-8"?>
<TestRun id="ebad5b0a-b6c7-4e1b-b51e-40c1c857e021" name="proyecto@D49-014 2012-09-17 17:36:39" runUser="D49-014\proyecto" xmlns="http://microsoft.com/schemas/VisualStudio/TeamTest/2010">
  <TestSettings name="Local" id="d7146e08-8266-4b9b-aa43-bf7a65afa95e">
    <Description>These are default test settings for a local test run.</Description>
    <Deployment enabled="false" runDeploymentRoot="proyecto_D49-014 2012-09-17 17_36_39">
      <DeploymentItem filename="C:\Users\proyecto\Desktop\TDP1\Construcción\UPC.Proyecto.SISPPAFUT\UPC.Proyecto.SISPPAFUT.BL.BE\bin\Debug\UPC.Proyecto.SISPPAFUT.BL.BE.dll" />
      <DeploymentItem filename="C:\Users\proyecto\Desktop\TDP1\Construcción\UPC.Proyecto.SISPPAFUT\UPC.Seguridad.BL.BC\bin\Debug\UPC.Seguridad.BL.BC.dll" />
      <DeploymentItem filename="C:\Users\proyecto\Desktop\TDP1\Construcción\UPC.Proyecto.SISPPAFUT\UPC.Proyecto.SISPPAFUT.BL.BC\bin\Debug\UPC.Proyecto.SISPPAFUT.BL.BC.dll" />
      <DeploymentItem filename="C:\Users\proyecto\Desktop\TDP1\Construcción\UPC.Proyecto.SISPPAFUT\UPC.Seguridad.BL.BE\bin\Debug\UPC.Seguridad.BL.BE.dll" />
      <DeploymentItem filename="C:\Users\proyecto\Desktop\TDP1\Construcción\UPC.Proyecto.SISPPAFUT\UPC.Proyecto.SISPPAFUT.DL.DALC\bin\Debug\UPC.Proyecto.SISPPAFUT.DL.DALC.dll" />
      <DeploymentItem filename="C:\Users\proyecto\Desktop\TDP1\Construcción\UPC.Proyecto.SISPPAFUT\UPC.Seguridad.DL.DALC\bin\Debug\UPC.Seguridad.DL.DALC.dll" />
    </Deployment>
    <Execution>
      <TestTypeSpecific />
      <AgentRule name="Execution Agents">
      </AgentRule>
    </Execution>
  </TestSettings>
  <Times creation="2012-09-17T17:36:39.5034269-05:00" queuing="2012-09-17T17:36:40.3824269-05:00" start="2012-09-17T17:36:40.3934269-05:00" finish="2012-09-17T17:36:40.7094269-05:00" />
  <ResultSummary outcome="Failed">
    <Counters total="1" executed="1" error="0" failed="1" timeout="0" aborted="0" inconclusive="0" passedButRunAborted="0" notRunnable="0" notExecuted="0" disconnected="0" warning="0" passed="0" completed="0" inProgress="0" pending="0" />
  </ResultSummary>
  <TestDefinitions>
    <UnitTest name="listar_FuncionalidadesXRolTest" storage="c:\users\proyecto\desktop\tdp1\construcción\upc.proyecto.sisppafut\unittests\bin\debug\unittests.dll" id="734e36af-c85e-f1f8-6c9c-ae6f103fb4d1">
      <Execution id="e53b9b8d-0313-47b7-9bd2-ea181a5f3394" />
      <TestMethod codeBase="C:/Users/proyecto/Desktop/TDP1/Construcción/UPC.Proyecto.SISPPAFUT/UnitTests/bin/Debug/UnitTests.DLL" adapterTypeName="Microsoft.VisualStudio.TestTools.TestTypes.Unit.UnitTestAdapter, Microsoft.VisualStudio.QualityTools.Tips.UnitTest.Adapter, Version=10.0.0.0, Culture=neutral, PublicKeyToken=b03f5f7f11d50a3a" className="UnitTests.RolXFuncionalidadDALCTest, UnitTests, Version=1.0.0.0, Culture=neutral, PublicKeyToken=null" name="listar_FuncionalidadesXRolTest" />
    </UnitTest>
  </TestDefinitions>
  <TestLists>
    <TestList name="Results Not in a List" id="8c84fa94-04c1-424b-9868-57a2d4851a1d" />
    <TestList name="All Loaded Results" id="19431567-8539-422a-85d7-44ee4e166bda" />
  </TestLists>
  <TestEntries>
    <TestEntry testId="734e36af-c85e-f1f8-6c9c-ae6f103fb4d1" executionId="e53b9b8d-0313-47b7-9bd2-ea181a5f3394" testListId="8c84fa94-04c1-424b-9868-57a2d4851a1d" />
  </TestEntries>
  <Results>
    <UnitTestResult executionId="e53b9b8d-0313-47b7-9bd2-ea181a5f3394" testId="734e36af-c85e-f1f8-6c9c-ae6f103fb4d1" testName="listar_FuncionalidadesXRolTest" computerName="D49-014" duration="00:00:00.1029840" startTime="2012-09-17T17:36:40.3974269-05:00" endTime="2012-09-17T17:36:40.6984269-05:00" testType="13cdc9d9-ddb5-4fa4-a97d-d965ccfc6d4b" outcome="Failed" testListId="8c84fa94-04c1-424b-9868-57a2d4851a1d" relativeResultsDirectory="e53b9b8d-0313-47b7-9bd2-ea181a5f3394">
      <Output>
        <ErrorInfo>
          <Message>Test method UnitTests.RolXFuncionalidadDALCTest.listar_FuncionalidadesXRolTest threw exception: 
System.InvalidOperationException: The connection was not closed. The connection's current state is open.</Message>
          <StackTrace>    at System.Data.ProviderBase.DbConnectionInternal.OpenConnection(DbConnection outerConnection, DbConnectionFactory connectionFactory)
   at System.Data.SqlClient.SqlConnection.Open()
   at UPC.Seguridad.DL.DALC.RolXFuncionalidadDALC.listar_FuncionalidadesXRol(Int32 idRol) in C:\Users\proyecto\Desktop\TDP1\Construcción\UPC.Proyecto.SISPPAFUT\UPC.Seguridad.DL.DALC\RolXFuncionalidadDALC.cs:line 117
   at UnitTests.RolXFuncionalidadDALCTest.listar_FuncionalidadesXRolTest() in C:\Users\proyecto\Desktop\TDP1\Construcción\UPC.Proyecto.SISPPAFUT\UnitTests\RolXFuncionalidadDALCTest.cs:line 79
</StackTrace>
        </ErrorInfo>
      </Output>
    </UnitTestResult>
  </Results>
</TestRun>