<?xml version="1.0" encoding="UTF-8"?>
<TestRun id="b2da5290-31a8-4b3a-bd8e-31c58e79267e" name="rcordero@RCORDERO-VAIO 2012-05-28 01:24:20" runUser="rcordero-VAIO\rcordero" xmlns="http://microsoft.com/schemas/VisualStudio/TeamTest/2010">
  <TestSettings name="Local" id="d7146e08-8266-4b9b-aa43-bf7a65afa95e">
    <Description>These are default test settings for a local test run.</Description>
    <Deployment enabled="false" runDeploymentRoot="rcordero_RCORDERO-VAIO 2012-05-28 01_24_20">
      <DeploymentItem filename="C:\Users\rcordero\Desktop\Universidad\20121\arquitectura\sandbox\SISPPAFUT\Construcción\UPC.Proyecto.SISPPAFUT\UPC.Proyecto.SISPPAFUT.DL.DALC\bin\Debug\UPC.Proyecto.SISPPAFUT.DL.DALC.dll" />
      <DeploymentItem filename="C:\Users\rcordero\Desktop\Universidad\20121\arquitectura\sandbox\SISPPAFUT\Construcción\UPC.Proyecto.SISPPAFUT\UPC.Proyecto.SISPPAFUT.BL.BE\bin\Debug\UPC.Proyecto.SISPPAFUT.BL.BE.dll" />
      <DeploymentItem filename="C:\Users\rcordero\Desktop\Universidad\20121\arquitectura\sandbox\SISPPAFUT\Construcción\UPC.Proyecto.SISPPAFUT\UPC.Proyecto.SISPPAFUT.BL.BC\bin\Debug\UPC.Proyecto.SISPPAFUT.BL.BC.dll" />
    </Deployment>
    <Execution>
      <TestTypeSpecific />
      <AgentRule name="Execution Agents">
      </AgentRule>
    </Execution>
  </TestSettings>
  <Times creation="2012-05-28T01:24:20.5778981-05:00" queuing="2012-05-28T01:24:20.5948991-05:00" start="2012-05-28T01:24:20.6018995-05:00" finish="2012-05-28T01:24:20.9379187-05:00" />
  <ResultSummary outcome="Completed">
    <Counters total="1" executed="1" passed="1" error="0" failed="0" timeout="0" aborted="0" inconclusive="0" passedButRunAborted="0" notRunnable="0" notExecuted="0" disconnected="0" warning="0" completed="0" inProgress="0" pending="0" />
  </ResultSummary>
  <TestDefinitions>
    <UnitTest name="insertar_rankingTest" storage="c:\users\rcordero\desktop\universidad\20121\arquitectura\sandbox\sisppafut\construcción\upc.proyecto.sisppafut\unittests\bin\debug\unittests.dll" id="7564758c-d9bd-674f-f64c-8b02bef43ccd">
      <Execution id="e60ac7d4-1ca8-4e32-abc7-97c1dff1c1f9" />
      <TestMethod codeBase="C:/Users/rcordero/Desktop/Universidad/20121/arquitectura/sandbox/SISPPAFUT/Construcción/UPC.Proyecto.SISPPAFUT/UnitTests/bin/Debug/UnitTests.DLL" adapterTypeName="Microsoft.VisualStudio.TestTools.TestTypes.Unit.UnitTestAdapter, Microsoft.VisualStudio.QualityTools.Tips.UnitTest.Adapter, Version=10.0.0.0, Culture=neutral, PublicKeyToken=b03f5f7f11d50a3a" className="UnitTests.RankingEquipoBCTest, UnitTests, Version=1.0.0.0, Culture=neutral, PublicKeyToken=null" name="insertar_rankingTest" />
    </UnitTest>
  </TestDefinitions>
  <TestLists>
    <TestList name="Results Not in a List" id="8c84fa94-04c1-424b-9868-57a2d4851a1d" />
    <TestList name="All Loaded Results" id="19431567-8539-422a-85d7-44ee4e166bda" />
  </TestLists>
  <TestEntries>
    <TestEntry testId="7564758c-d9bd-674f-f64c-8b02bef43ccd" executionId="e60ac7d4-1ca8-4e32-abc7-97c1dff1c1f9" testListId="8c84fa94-04c1-424b-9868-57a2d4851a1d" />
  </TestEntries>
  <Results>
    <UnitTestResult executionId="e60ac7d4-1ca8-4e32-abc7-97c1dff1c1f9" testId="7564758c-d9bd-674f-f64c-8b02bef43ccd" testName="insertar_rankingTest" computerName="RCORDERO-VAIO" duration="00:00:00.0521411" startTime="2012-05-28T01:24:20.6048997-05:00" endTime="2012-05-28T01:24:20.9199177-05:00" testType="13cdc9d9-ddb5-4fa4-a97d-d965ccfc6d4b" outcome="Passed" testListId="8c84fa94-04c1-424b-9868-57a2d4851a1d" relativeResultsDirectory="e60ac7d4-1ca8-4e32-abc7-97c1dff1c1f9">
    </UnitTestResult>
  </Results>
</TestRun>