<?xml version="1.0" encoding="UTF-8"?>
<TestRun id="ef62f81d-9ae4-40e1-9166-e9561e307b4f" name="rcordero@RCORDERO-VAIO 2012-04-13 22:14:02" runUser="rcordero-VAIO\rcordero" xmlns="http://microsoft.com/schemas/VisualStudio/TeamTest/2010">
  <TestSettings name="Local" id="d7146e08-8266-4b9b-aa43-bf7a65afa95e">
    <Description>These are default test settings for a local test run.</Description>
    <Deployment enabled="false" runDeploymentRoot="rcordero_RCORDERO-VAIO 2012-04-13 22_14_02">
      <DeploymentItem filename="C:\Users\rcordero\Desktop\Universidad\20121\arquitectura\sandbox\SISPPAFUT\Construcción\UPC.Proyecto.SISPPAFUT\UPC.Proyecto.SISPPAFUT.DL.DALC\bin\Debug\UPC.Proyecto.SISPPAFUT.DL.DALC.dll" />
      <DeploymentItem filename="C:\Users\rcordero\Desktop\Universidad\20121\arquitectura\sandbox\SISPPAFUT\Construcción\UPC.Proyecto.SISPPAFUT\UPC.Proyecto.SISPPAFUT.BL.BE\bin\Debug\UPC.Proyecto.SISPPAFUT.BL.BE.dll" />
      <DeploymentItem filename="C:\Users\rcordero\Desktop\Universidad\20121\arquitectura\sandbox\SISPPAFUT\Construcción\UPC.Proyecto.SISPPAFUT\UPC.Proyecto.SISPPAFUT.BL.BC\bin\Debug\UPC.Proyecto.SISPPAFUT.BL.BC.dll" />
    </Deployment>
    <Execution>
      <TestTypeSpecific />
      <AgentRule name="Execution Agents">
      </AgentRule>
    </Execution>
  </TestSettings>
  <Times creation="2012-04-13T22:14:02.0182315-05:00" queuing="2012-04-13T22:14:02.0312322-05:00" start="2012-04-13T22:14:02.0382326-05:00" finish="2012-04-13T22:14:02.3742519-05:00" />
  <ResultSummary outcome="Completed">
    <Counters total="1" executed="1" passed="1" error="0" failed="0" timeout="0" aborted="0" inconclusive="0" passedButRunAborted="0" notRunnable="0" notExecuted="0" disconnected="0" warning="0" completed="0" inProgress="0" pending="0" />
  </ResultSummary>
  <TestDefinitions>
    <UnitTest name="insertarLigaTest" storage="c:\users\rcordero\desktop\universidad\20121\arquitectura\sandbox\sisppafut\construcción\upc.proyecto.sisppafut\unittests\bin\debug\unittests.dll" id="00e810cf-105d-1aa1-e74f-8acc4c458911">
      <Execution id="9ceee00e-8ec9-4d38-8a2a-f57322849221" />
      <TestMethod codeBase="C:/Users/rcordero/Desktop/Universidad/20121/arquitectura/sandbox/SISPPAFUT/Construcción/UPC.Proyecto.SISPPAFUT/UnitTests/bin/Debug/UnitTests.DLL" adapterTypeName="Microsoft.VisualStudio.TestTools.TestTypes.Unit.UnitTestAdapter, Microsoft.VisualStudio.QualityTools.Tips.UnitTest.Adapter, Version=10.0.0.0, Culture=neutral, PublicKeyToken=b03f5f7f11d50a3a" className="UnitTests.LigaBCTest, UnitTests, Version=1.0.0.0, Culture=neutral, PublicKeyToken=null" name="insertarLigaTest" />
    </UnitTest>
  </TestDefinitions>
  <TestLists>
    <TestList name="Results Not in a List" id="8c84fa94-04c1-424b-9868-57a2d4851a1d" />
    <TestList name="All Loaded Results" id="19431567-8539-422a-85d7-44ee4e166bda" />
  </TestLists>
  <TestEntries>
    <TestEntry testId="00e810cf-105d-1aa1-e74f-8acc4c458911" executionId="9ceee00e-8ec9-4d38-8a2a-f57322849221" testListId="8c84fa94-04c1-424b-9868-57a2d4851a1d" />
  </TestEntries>
  <Results>
    <UnitTestResult executionId="9ceee00e-8ec9-4d38-8a2a-f57322849221" testId="00e810cf-105d-1aa1-e74f-8acc4c458911" testName="insertarLigaTest" computerName="RCORDERO-VAIO" duration="00:00:00.0597075" startTime="2012-04-13T22:14:02.0422329-05:00" endTime="2012-04-13T22:14:02.3552508-05:00" testType="13cdc9d9-ddb5-4fa4-a97d-d965ccfc6d4b" outcome="Passed" testListId="8c84fa94-04c1-424b-9868-57a2d4851a1d" relativeResultsDirectory="9ceee00e-8ec9-4d38-8a2a-f57322849221">
    </UnitTestResult>
  </Results>
</TestRun>