<?xml version="1.0" encoding="UTF-8"?>
<TestRun id="48c2b1c6-b480-4fbf-829b-1e96f0ae810f" name="rcordero@RCORDERO-VAIO 2012-05-28 00:34:56" runUser="rcordero-VAIO\rcordero" xmlns="http://microsoft.com/schemas/VisualStudio/TeamTest/2010">
  <TestSettings name="Local" id="d7146e08-8266-4b9b-aa43-bf7a65afa95e">
    <Description>These are default test settings for a local test run.</Description>
    <Deployment enabled="false" runDeploymentRoot="rcordero_RCORDERO-VAIO 2012-05-28 00_34_56">
      <DeploymentItem filename="C:\Users\rcordero\Desktop\Universidad\20121\arquitectura\sandbox\SISPPAFUT\Construcción\UPC.Proyecto.SISPPAFUT\UPC.Proyecto.SISPPAFUT.DL.DALC\bin\Debug\UPC.Proyecto.SISPPAFUT.DL.DALC.dll" />
      <DeploymentItem filename="C:\Users\rcordero\Desktop\Universidad\20121\arquitectura\sandbox\SISPPAFUT\Construcción\UPC.Proyecto.SISPPAFUT\UPC.Proyecto.SISPPAFUT.BL.BE\bin\Debug\UPC.Proyecto.SISPPAFUT.BL.BE.dll" />
      <DeploymentItem filename="C:\Users\rcordero\Desktop\Universidad\20121\arquitectura\sandbox\SISPPAFUT\Construcción\UPC.Proyecto.SISPPAFUT\UPC.Proyecto.SISPPAFUT.BL.BC\bin\Debug\UPC.Proyecto.SISPPAFUT.BL.BC.dll" />
    </Deployment>
    <Execution>
      <TestTypeSpecific />
      <AgentRule name="Execution Agents">
      </AgentRule>
    </Execution>
  </TestSettings>
  <Times creation="2012-05-28T00:34:56.1263412-05:00" queuing="2012-05-28T00:34:56.1423421-05:00" start="2012-05-28T00:34:56.1503426-05:00" finish="2012-05-28T00:34:56.5063629-05:00" />
  <ResultSummary outcome="Completed">
    <Counters total="1" executed="1" passed="1" error="0" failed="0" timeout="0" aborted="0" inconclusive="0" passedButRunAborted="0" notRunnable="0" notExecuted="0" disconnected="0" warning="0" completed="0" inProgress="0" pending="0" />
  </ResultSummary>
  <TestDefinitions>
    <UnitTest name="editar_PartidoTest" storage="c:\users\rcordero\desktop\universidad\20121\arquitectura\sandbox\sisppafut\construcción\upc.proyecto.sisppafut\unittests\bin\debug\unittests.dll" id="40d4a8eb-ee26-4bca-ea8d-94bb9a45264c">
      <Execution id="6cef7d51-c470-4f38-897b-dd1e43ac41a4" />
      <TestMethod codeBase="C:/Users/rcordero/Desktop/Universidad/20121/arquitectura/sandbox/SISPPAFUT/Construcción/UPC.Proyecto.SISPPAFUT/UnitTests/bin/Debug/UnitTests.DLL" adapterTypeName="Microsoft.VisualStudio.TestTools.TestTypes.Unit.UnitTestAdapter, Microsoft.VisualStudio.QualityTools.Tips.UnitTest.Adapter, Version=10.0.0.0, Culture=neutral, PublicKeyToken=b03f5f7f11d50a3a" className="UnitTests.PartidoBCTest, UnitTests, Version=1.0.0.0, Culture=neutral, PublicKeyToken=null" name="editar_PartidoTest" />
    </UnitTest>
  </TestDefinitions>
  <TestLists>
    <TestList name="Results Not in a List" id="8c84fa94-04c1-424b-9868-57a2d4851a1d" />
    <TestList name="All Loaded Results" id="19431567-8539-422a-85d7-44ee4e166bda" />
  </TestLists>
  <TestEntries>
    <TestEntry testId="40d4a8eb-ee26-4bca-ea8d-94bb9a45264c" executionId="6cef7d51-c470-4f38-897b-dd1e43ac41a4" testListId="8c84fa94-04c1-424b-9868-57a2d4851a1d" />
  </TestEntries>
  <Results>
    <UnitTestResult executionId="6cef7d51-c470-4f38-897b-dd1e43ac41a4" testId="40d4a8eb-ee26-4bca-ea8d-94bb9a45264c" testName="editar_PartidoTest" computerName="RCORDERO-VAIO" duration="00:00:00.0872567" startTime="2012-05-28T00:34:56.1513426-05:00" endTime="2012-05-28T00:34:56.4903620-05:00" testType="13cdc9d9-ddb5-4fa4-a97d-d965ccfc6d4b" outcome="Passed" testListId="8c84fa94-04c1-424b-9868-57a2d4851a1d" relativeResultsDirectory="6cef7d51-c470-4f38-897b-dd1e43ac41a4">
    </UnitTestResult>
  </Results>
</TestRun>