<?xml version="1.0" encoding="UTF-8"?>
<TestRun id="78ff295b-5274-404d-b368-87fad57505d1" name="rcordero@RCORDERO-VAIO 2012-04-13 21:59:31" runUser="rcordero-VAIO\rcordero" xmlns="http://microsoft.com/schemas/VisualStudio/TeamTest/2010">
  <TestSettings name="Local" id="d7146e08-8266-4b9b-aa43-bf7a65afa95e">
    <Description>These are default test settings for a local test run.</Description>
    <Deployment enabled="false" runDeploymentRoot="rcordero_RCORDERO-VAIO 2012-04-13 21_59_31">
      <DeploymentItem filename="C:\Users\rcordero\Desktop\Universidad\20121\arquitectura\sandbox\SISPPAFUT\Construcción\UPC.Proyecto.SISPPAFUT\UPC.Proyecto.SISPPAFUT.DL.DALC\bin\Debug\UPC.Proyecto.SISPPAFUT.DL.DALC.dll" />
      <DeploymentItem filename="C:\Users\rcordero\Desktop\Universidad\20121\arquitectura\sandbox\SISPPAFUT\Construcción\UPC.Proyecto.SISPPAFUT\UPC.Proyecto.SISPPAFUT.BL.BE\bin\Debug\UPC.Proyecto.SISPPAFUT.BL.BE.dll" />
      <DeploymentItem filename="C:\Users\rcordero\Desktop\Universidad\20121\arquitectura\sandbox\SISPPAFUT\Construcción\UPC.Proyecto.SISPPAFUT\UPC.Proyecto.SISPPAFUT.BL.BC\bin\Debug\UPC.Proyecto.SISPPAFUT.BL.BC.dll" />
    </Deployment>
    <Execution>
      <TestTypeSpecific />
      <AgentRule name="Execution Agents">
      </AgentRule>
    </Execution>
  </TestSettings>
  <Times creation="2012-04-13T21:59:31.5434432-05:00" queuing="2012-04-13T21:59:31.5534438-05:00" start="2012-04-13T21:59:31.5624443-05:00" finish="2012-04-13T21:59:31.8704619-05:00" />
  <ResultSummary outcome="Completed">
    <Counters total="1" executed="1" passed="1" error="0" failed="0" timeout="0" aborted="0" inconclusive="0" passedButRunAborted="0" notRunnable="0" notExecuted="0" disconnected="0" warning="0" completed="0" inProgress="0" pending="0" />
  </ResultSummary>
  <TestDefinitions>
    <UnitTest name="insertarEquipoTest" storage="c:\users\rcordero\desktop\universidad\20121\arquitectura\sandbox\sisppafut\construcción\upc.proyecto.sisppafut\unittests\bin\debug\unittests.dll" id="3adad631-9260-f329-2f7a-5399ae459fb5">
      <Execution id="78ce79c0-98d9-488d-b783-1f2624d2e506" />
      <TestMethod codeBase="C:/Users/rcordero/Desktop/Universidad/20121/arquitectura/sandbox/SISPPAFUT/Construcción/UPC.Proyecto.SISPPAFUT/UnitTests/bin/Debug/UnitTests.DLL" adapterTypeName="Microsoft.VisualStudio.TestTools.TestTypes.Unit.UnitTestAdapter, Microsoft.VisualStudio.QualityTools.Tips.UnitTest.Adapter, Version=10.0.0.0, Culture=neutral, PublicKeyToken=b03f5f7f11d50a3a" className="UnitTests.EquipoBCTest, UnitTests, Version=1.0.0.0, Culture=neutral, PublicKeyToken=null" name="insertarEquipoTest" />
    </UnitTest>
  </TestDefinitions>
  <TestLists>
    <TestList name="Results Not in a List" id="8c84fa94-04c1-424b-9868-57a2d4851a1d" />
    <TestList name="All Loaded Results" id="19431567-8539-422a-85d7-44ee4e166bda" />
  </TestLists>
  <TestEntries>
    <TestEntry testId="3adad631-9260-f329-2f7a-5399ae459fb5" executionId="78ce79c0-98d9-488d-b783-1f2624d2e506" testListId="8c84fa94-04c1-424b-9868-57a2d4851a1d" />
  </TestEntries>
  <Results>
    <UnitTestResult executionId="78ce79c0-98d9-488d-b783-1f2624d2e506" testId="3adad631-9260-f329-2f7a-5399ae459fb5" testName="insertarEquipoTest" computerName="RCORDERO-VAIO" duration="00:00:00.0436586" startTime="2012-04-13T21:59:31.5654444-05:00" endTime="2012-04-13T21:59:31.8524609-05:00" testType="13cdc9d9-ddb5-4fa4-a97d-d965ccfc6d4b" outcome="Passed" testListId="8c84fa94-04c1-424b-9868-57a2d4851a1d" relativeResultsDirectory="78ce79c0-98d9-488d-b783-1f2624d2e506">
    </UnitTestResult>
  </Results>
</TestRun>