<?xml version="1.0" encoding="UTF-8"?>
<TestRun id="77f358b9-ff3c-4cf2-a07f-511ac7e653a8" name="rcordero@RCORDERO-VAIO 2012-05-28 00:29:00" runUser="rcordero-VAIO\rcordero" xmlns="http://microsoft.com/schemas/VisualStudio/TeamTest/2010">
  <TestSettings name="Local" id="d7146e08-8266-4b9b-aa43-bf7a65afa95e">
    <Description>These are default test settings for a local test run.</Description>
    <Deployment enabled="false" runDeploymentRoot="rcordero_RCORDERO-VAIO 2012-05-28 00_29_00">
      <DeploymentItem filename="C:\Users\rcordero\Desktop\Universidad\20121\arquitectura\sandbox\SISPPAFUT\Construcción\UPC.Proyecto.SISPPAFUT\UPC.Proyecto.SISPPAFUT.DL.DALC\bin\Debug\UPC.Proyecto.SISPPAFUT.DL.DALC.dll" />
      <DeploymentItem filename="C:\Users\rcordero\Desktop\Universidad\20121\arquitectura\sandbox\SISPPAFUT\Construcción\UPC.Proyecto.SISPPAFUT\UPC.Proyecto.SISPPAFUT.BL.BE\bin\Debug\UPC.Proyecto.SISPPAFUT.BL.BE.dll" />
      <DeploymentItem filename="C:\Users\rcordero\Desktop\Universidad\20121\arquitectura\sandbox\SISPPAFUT\Construcción\UPC.Proyecto.SISPPAFUT\UPC.Proyecto.SISPPAFUT.BL.BC\bin\Debug\UPC.Proyecto.SISPPAFUT.BL.BC.dll" />
    </Deployment>
    <Execution>
      <TestTypeSpecific />
      <AgentRule name="Execution Agents">
      </AgentRule>
    </Execution>
  </TestSettings>
  <Times creation="2012-05-28T00:29:00.8800223-05:00" queuing="2012-05-28T00:29:00.8960232-05:00" start="2012-05-28T00:29:00.9040237-05:00" finish="2012-05-28T00:29:01.2840454-05:00" />
  <ResultSummary outcome="Completed">
    <Counters total="1" executed="1" passed="1" error="0" failed="0" timeout="0" aborted="0" inconclusive="0" passedButRunAborted="0" notRunnable="0" notExecuted="0" disconnected="0" warning="0" completed="0" inProgress="0" pending="0" />
  </ResultSummary>
  <TestDefinitions>
    <UnitTest name="editar_JugadorTest" storage="c:\users\rcordero\desktop\universidad\20121\arquitectura\sandbox\sisppafut\construcción\upc.proyecto.sisppafut\unittests\bin\debug\unittests.dll" id="650bc8b2-b219-a1d2-ea2b-c091e26e52c6">
      <Execution id="d49ae3db-7328-481e-bdd7-cf71147c5a41" />
      <TestMethod codeBase="C:/Users/rcordero/Desktop/Universidad/20121/arquitectura/sandbox/SISPPAFUT/Construcción/UPC.Proyecto.SISPPAFUT/UnitTests/bin/Debug/UnitTests.DLL" adapterTypeName="Microsoft.VisualStudio.TestTools.TestTypes.Unit.UnitTestAdapter, Microsoft.VisualStudio.QualityTools.Tips.UnitTest.Adapter, Version=10.0.0.0, Culture=neutral, PublicKeyToken=b03f5f7f11d50a3a" className="UnitTests.JugadorBCTest, UnitTests, Version=1.0.0.0, Culture=neutral, PublicKeyToken=null" name="editar_JugadorTest" />
    </UnitTest>
  </TestDefinitions>
  <TestLists>
    <TestList name="Results Not in a List" id="8c84fa94-04c1-424b-9868-57a2d4851a1d" />
    <TestList name="All Loaded Results" id="19431567-8539-422a-85d7-44ee4e166bda" />
  </TestLists>
  <TestEntries>
    <TestEntry testId="650bc8b2-b219-a1d2-ea2b-c091e26e52c6" executionId="d49ae3db-7328-481e-bdd7-cf71147c5a41" testListId="8c84fa94-04c1-424b-9868-57a2d4851a1d" />
  </TestEntries>
  <Results>
    <UnitTestResult executionId="d49ae3db-7328-481e-bdd7-cf71147c5a41" testId="650bc8b2-b219-a1d2-ea2b-c091e26e52c6" testName="editar_JugadorTest" computerName="RCORDERO-VAIO" duration="00:00:00.1024988" startTime="2012-05-28T00:29:00.9060238-05:00" endTime="2012-05-28T00:29:01.2660444-05:00" testType="13cdc9d9-ddb5-4fa4-a97d-d965ccfc6d4b" outcome="Passed" testListId="8c84fa94-04c1-424b-9868-57a2d4851a1d" relativeResultsDirectory="d49ae3db-7328-481e-bdd7-cf71147c5a41">
    </UnitTestResult>
  </Results>
</TestRun>