<?xml version="1.0" encoding="UTF-8"?>
<TestRun id="0fd75245-b002-4944-92c3-a0d7c6335d53" name="User@MILI-PC 2012-09-16 23:27:29" runUser="MILI-PC\User" xmlns="http://microsoft.com/schemas/VisualStudio/TeamTest/2010">
  <TestSettings name="Local" id="d7146e08-8266-4b9b-aa43-bf7a65afa95e">
    <Description>These are default test settings for a local test run.</Description>
    <Deployment enabled="false" runDeploymentRoot="User_MILI-PC 2012-09-16 23_27_29">
      <DeploymentItem filename="C:\Users\User\Desktop\TDP\Construcción\UPC.Proyecto.SISPPAFUT\UPC.Proyecto.SISPPAFUT.DL.DALC\bin\Debug\UPC.Proyecto.SISPPAFUT.DL.DALC.dll" />
      <DeploymentItem filename="C:\Users\User\Desktop\TDP\Construcción\UPC.Proyecto.SISPPAFUT\UPC.Proyecto.SISPPAFUT.BL.BE\bin\Debug\UPC.Proyecto.SISPPAFUT.BL.BE.dll" />
      <DeploymentItem filename="C:\Users\User\Desktop\TDP\Construcción\UPC.Proyecto.SISPPAFUT\UPC.Seguridad.BL.BE\bin\Debug\UPC.Seguridad.BL.BE.dll" />
      <DeploymentItem filename="C:\Users\User\Desktop\TDP\Construcción\UPC.Proyecto.SISPPAFUT\UPC.Seguridad.DL.DALC\bin\Debug\UPC.Seguridad.DL.DALC.dll" />
      <DeploymentItem filename="C:\Users\User\Desktop\TDP\Construcción\UPC.Proyecto.SISPPAFUT\UPC.Proyecto.SISPPAFUT.BL.BC\bin\Debug\UPC.Proyecto.SISPPAFUT.BL.BC.dll" />
      <DeploymentItem filename="C:\Users\User\Desktop\TDP\Construcción\UPC.Proyecto.SISPPAFUT\UPC.Seguridad.BL.BC\bin\Debug\UPC.Seguridad.BL.BC.dll" />
    </Deployment>
    <Execution>
      <TestTypeSpecific />
      <AgentRule name="Execution Agents">
      </AgentRule>
    </Execution>
  </TestSettings>
  <Times creation="2012-09-16T23:27:29.5991974-05:00" queuing="2012-09-16T23:27:36.9586183-05:00" start="2012-09-16T23:27:37.2166331-05:00" finish="2012-09-16T23:27:43.2699793-05:00" />
  <ResultSummary outcome="Failed">
    <Counters total="1" executed="1" error="0" failed="1" timeout="0" aborted="0" inconclusive="0" passedButRunAborted="0" notRunnable="0" notExecuted="0" disconnected="0" warning="0" passed="0" completed="0" inProgress="0" pending="0" />
  </ResultSummary>
  <TestDefinitions>
    <UnitTest name="Insertar_FuncionalidadTest" storage="c:\users\user\desktop\tdp\construcción\upc.proyecto.sisppafut\unittests\bin\debug\unittests.dll" id="1ff1e895-b395-a6e3-c6a5-4ef3e4992c6c">
      <Execution id="46cb9722-2287-4295-9df4-7cb8ff49e776" />
      <TestMethod codeBase="C:/Users/User/Desktop/TDP/Construcción/UPC.Proyecto.SISPPAFUT/UnitTests/bin/Debug/UnitTests.DLL" adapterTypeName="Microsoft.VisualStudio.TestTools.TestTypes.Unit.UnitTestAdapter, Microsoft.VisualStudio.QualityTools.Tips.UnitTest.Adapter, Version=10.0.0.0, Culture=neutral, PublicKeyToken=b03f5f7f11d50a3a" className="UnitTests.FuncionalidadBCTest, UnitTests, Version=1.0.0.0, Culture=neutral, PublicKeyToken=null" name="Insertar_FuncionalidadTest" />
    </UnitTest>
  </TestDefinitions>
  <TestLists>
    <TestList name="Resultados que no están en la lista" id="8c84fa94-04c1-424b-9868-57a2d4851a1d" />
    <TestList name="Todos los resultados cargados" id="19431567-8539-422a-85d7-44ee4e166bda" />
  </TestLists>
  <TestEntries>
    <TestEntry testId="1ff1e895-b395-a6e3-c6a5-4ef3e4992c6c" executionId="46cb9722-2287-4295-9df4-7cb8ff49e776" testListId="8c84fa94-04c1-424b-9868-57a2d4851a1d" />
  </TestEntries>
  <Results>
    <UnitTestResult executionId="46cb9722-2287-4295-9df4-7cb8ff49e776" testId="1ff1e895-b395-a6e3-c6a5-4ef3e4992c6c" testName="Insertar_FuncionalidadTest" computerName="MILI-PC" duration="00:00:02.7212384" startTime="2012-09-16T23:27:37.4556467-05:00" endTime="2012-09-16T23:27:41.5508810-05:00" testType="13cdc9d9-ddb5-4fa4-a97d-d965ccfc6d4b" outcome="Failed" testListId="8c84fa94-04c1-424b-9868-57a2d4851a1d" relativeResultsDirectory="46cb9722-2287-4295-9df4-7cb8ff49e776">
      <Output>
        <ErrorInfo>
          <Message>El método de prueba UnitTests.FuncionalidadBCTest.Insertar_FuncionalidadTest produjo la excepción: 
System.Data.SqlClient.SqlException: Invalid object name 'SEGURIDAD.dbo.Funcionalidad'.</Message>
          <StackTrace>    en System.Data.SqlClient.SqlConnection.OnError(SqlException exception, Boolean breakConnection)
   en System.Data.SqlClient.SqlInternalConnection.OnError(SqlException exception, Boolean breakConnection)
   en System.Data.SqlClient.TdsParser.ThrowExceptionAndWarning()
   en System.Data.SqlClient.TdsParser.Run(RunBehavior runBehavior, SqlCommand cmdHandler, SqlDataReader dataStream, BulkCopySimpleResultSet bulkCopyHandler, TdsParserStateObject stateObj)
   en System.Data.SqlClient.SqlCommand.FinishExecuteReader(SqlDataReader ds, RunBehavior runBehavior, String resetOptionsString)
   en System.Data.SqlClient.SqlCommand.RunExecuteReaderTds(CommandBehavior cmdBehavior, RunBehavior runBehavior, Boolean returnStream, Boolean async)
   en System.Data.SqlClient.SqlCommand.RunExecuteReader(CommandBehavior cmdBehavior, RunBehavior runBehavior, Boolean returnStream, String method, DbAsyncResult result)
   en System.Data.SqlClient.SqlCommand.InternalExecuteNonQuery(DbAsyncResult result, String methodName, Boolean sendToPipe)
   en System.Data.SqlClient.SqlCommand.ExecuteNonQuery()
   en UPC.Seguridad.DL.DALC.FuncionalidadDALC.insertar_funcionalidad(FuncionalidadBE objFuncionalidadBE) en C:\Users\User\Desktop\TDP\Construcción\UPC.Proyecto.SISPPAFUT\UPC.Seguridad.DL.DALC\FuncionalidadDALC.cs:línea 70
   en UPC.Seguridad.BL.BC.FuncionalidadBC.Insertar_Funcionalidad(String NombreFuncionalidad, String DescripcionFuncionalidad) en C:\Users\User\Desktop\TDP\Construcción\UPC.Proyecto.SISPPAFUT\UPC.Seguridad.BL.BC\FuncionalidadBC.cs:línea 30
   en UnitTests.FuncionalidadBCTest.Insertar_FuncionalidadTest() en C:\Users\User\Desktop\TDP\Construcción\UPC.Proyecto.SISPPAFUT\UnitTests\FuncionalidadBCTest.cs:línea 88
</StackTrace>
        </ErrorInfo>
      </Output>
    </UnitTestResult>
  </Results>
</TestRun>