<?xml version="1.0" encoding="UTF-8"?>
<TestRun id="84a94f9d-67c1-4b23-bc79-c659359877ed" name="User@MILI-PC 2012-10-14 16:50:53" runUser="MILI-PC\User" xmlns="http://microsoft.com/schemas/VisualStudio/TeamTest/2010">
  <TestSettings name="Local" id="d7146e08-8266-4b9b-aa43-bf7a65afa95e">
    <Description>These are default test settings for a local test run.</Description>
    <Deployment enabled="false" runDeploymentRoot="User_MILI-PC 2012-10-14 16_50_53">
      <DeploymentItem filename="C:\Users\User\Desktop\TDP\Construcción\UPC.Proyecto.SISPPAFUT\UPC.Proyecto.SISPPAFUT.DL.DALC\bin\Debug\UPC.Proyecto.SISPPAFUT.DL.DALC.dll" />
      <DeploymentItem filename="C:\Users\User\Desktop\TDP\Construcción\UPC.Proyecto.SISPPAFUT\UPC.Proyecto.SISPPAFUT.BL.BE\bin\Debug\UPC.Proyecto.SISPPAFUT.BL.BE.dll" />
      <DeploymentItem filename="C:\Users\User\Desktop\TDP\Construcción\UPC.Proyecto.SISPPAFUT\UPC.Seguridad.BL.BE\bin\Debug\UPC.Seguridad.BL.BE.dll" />
      <DeploymentItem filename="C:\Users\User\Desktop\TDP\Construcción\UPC.Proyecto.SISPPAFUT\UPC.Seguridad.DL.DALC\bin\Debug\UPC.Seguridad.DL.DALC.dll" />
      <DeploymentItem filename="C:\Users\User\Desktop\TDP\Construcción\UPC.Proyecto.SISPPAFUT\UPC.Proyecto.SISPPAFUT.BL.BC\bin\Debug\UPC.Proyecto.SISPPAFUT.BL.BC.dll" />
      <DeploymentItem filename="C:\Users\User\Desktop\TDP\Construcción\UPC.Proyecto.SISPPAFUT\UPC.Seguridad.BL.BC\bin\Debug\UPC.Seguridad.BL.BC.dll" />
    </Deployment>
    <Execution>
      <TestTypeSpecific />
      <AgentRule name="Execution Agents">
      </AgentRule>
    </Execution>
  </TestSettings>
  <Times creation="2012-10-14T16:50:53.0055555-05:00" queuing="2012-10-14T16:50:55.2126818-05:00" start="2012-10-14T16:50:55.2506839-05:00" finish="2012-10-14T16:50:56.2377404-05:00" />
  <ResultSummary outcome="Failed">
    <Counters total="1" executed="1" error="0" failed="1" timeout="0" aborted="0" inconclusive="0" passedButRunAborted="0" notRunnable="0" notExecuted="0" disconnected="0" warning="0" passed="0" completed="0" inProgress="0" pending="0" />
  </ResultSummary>
  <TestDefinitions>
    <UnitTest name="RegistrarLogTest" storage="c:\users\user\desktop\tdp\construcción\upc.proyecto.sisppafut\unittests\bin\debug\unittests.dll" id="ed19f9b0-1cb8-a10c-ee51-bf6f985d74e5">
      <Execution id="3b83ddc5-6042-4eb0-ab1c-8295650e8ae8" />
      <TestMethod codeBase="C:/Users/User/Desktop/TDP/Construcción/UPC.Proyecto.SISPPAFUT/UnitTests/bin/Debug/UnitTests.DLL" adapterTypeName="Microsoft.VisualStudio.TestTools.TestTypes.Unit.UnitTestAdapter, Microsoft.VisualStudio.QualityTools.Tips.UnitTest.Adapter, Version=10.0.0.0, Culture=neutral, PublicKeyToken=b03f5f7f11d50a3a" className="UnitTests.LogBCTest, UnitTests, Version=1.0.0.0, Culture=neutral, PublicKeyToken=null" name="RegistrarLogTest" />
    </UnitTest>
  </TestDefinitions>
  <TestLists>
    <TestList name="Resultados que no están en la lista" id="8c84fa94-04c1-424b-9868-57a2d4851a1d" />
    <TestList name="Todos los resultados cargados" id="19431567-8539-422a-85d7-44ee4e166bda" />
  </TestLists>
  <TestEntries>
    <TestEntry testId="ed19f9b0-1cb8-a10c-ee51-bf6f985d74e5" executionId="3b83ddc5-6042-4eb0-ab1c-8295650e8ae8" testListId="8c84fa94-04c1-424b-9868-57a2d4851a1d" />
  </TestEntries>
  <Results>
    <UnitTestResult executionId="3b83ddc5-6042-4eb0-ab1c-8295650e8ae8" testId="ed19f9b0-1cb8-a10c-ee51-bf6f985d74e5" testName="RegistrarLogTest" computerName="MILI-PC" duration="00:00:00.2461518" startTime="2012-10-14T16:50:55.3106874-05:00" endTime="2012-10-14T16:50:56.1937379-05:00" testType="13cdc9d9-ddb5-4fa4-a97d-d965ccfc6d4b" outcome="Failed" testListId="8c84fa94-04c1-424b-9868-57a2d4851a1d" relativeResultsDirectory="3b83ddc5-6042-4eb0-ab1c-8295650e8ae8">
      <Output>
        <ErrorInfo>
          <Message>Error de Assert.AreEqual. Se esperaba &lt;46&gt;, pero es &lt;0&gt;. </Message>
          <StackTrace>   en UnitTests.LogBCTest.RegistrarLogTest() en C:\Users\User\Desktop\TDP\Construcción\UPC.Proyecto.SISPPAFUT\UnitTests\LogBCTest.cs:línea 86
</StackTrace>
        </ErrorInfo>
      </Output>
    </UnitTestResult>
  </Results>
</TestRun>